[16May2026 02:38:37.991] [main/INFO] [cpw.mods.modlauncher.Launcher/MODLAUNCHER]: ModLauncher running: args [--launchTarget, forgeserver, --fml.neoForgeVersion, 21.1.230, --fml.fmlVersion, 4.0.42, --fml.mcVersion, 1.21.1, --fml.neoFormVersion, 20240808.144430]
[16May2026 02:38:37.997] [main/INFO] [cpw.mods.modlauncher.Launcher/MODLAUNCHER]: JVM identified as Microsoft OpenJDK 64-Bit Server VM 25.0.2+10-LTS
[16May2026 02:38:37.999] [main/INFO] [cpw.mods.modlauncher.Launcher/MODLAUNCHER]: ModLauncher 11.0.5+main.901c6ea8 starting: java version 25.0.2 by Microsoft; OS Linux arch amd64 version 6.8.0-1044-azure
[16May2026 02:38:38.028] [main/DEBUG] [cpw.mods.modlauncher.LaunchServiceHandler/MODLAUNCHER]: Found launch services [minecraft,forgeclient,forgedatauserdev,testharness,forgeserverdev,forgeserveruserdev,forgejunitdev,forgeclientdev,forgeclientuserdev,forgeserver,forgejunituserdev,forgedatadev]
[16May2026 02:38:38.057] [main/DEBUG] [cpw.mods.modlauncher.LaunchPluginHandler/MODLAUNCHER]: Found launch plugins: [mixin,slf4jfixer,runtime_enum_extender,accesstransformer,runtimedistcleaner]
[16May2026 02:38:38.069] [main/DEBUG] [cpw.mods.modlauncher.TransformationServicesHandler/MODLAUNCHER]: Discovering transformation services
[16May2026 02:38:38.076] [main/DEBUG] [net.neoforged.fml.loading.FMLPaths/CORE]: Path GAMEDIR is /workspaces/mc-server/mcserver
[16May2026 02:38:38.076] [main/DEBUG] [net.neoforged.fml.loading.FMLPaths/CORE]: Path MODSDIR is /workspaces/mc-server/mcserver/mods
[16May2026 02:38:38.076] [main/DEBUG] [net.neoforged.fml.loading.FMLPaths/CORE]: Path CONFIGDIR is /workspaces/mc-server/mcserver/config
[16May2026 02:38:38.076] [main/DEBUG] [net.neoforged.fml.loading.FMLPaths/CORE]: Path FMLCONFIG is /workspaces/mc-server/mcserver/config/fml.toml
[16May2026 02:38:38.102] [main/TRACE] [net.neoforged.fml.loading.FMLConfig/CORE]: Loaded FML config from /workspaces/mc-server/mcserver/config/fml.toml
[16May2026 02:38:38.102] [main/TRACE] [net.neoforged.fml.loading.FMLConfig/CORE]: FMLConfig disableConfigWatcher is false
[16May2026 02:38:38.102] [main/TRACE] [net.neoforged.fml.loading.FMLConfig/CORE]: FMLConfig earlyWindowControl is true
[16May2026 02:38:38.102] [main/TRACE] [net.neoforged.fml.loading.FMLConfig/CORE]: FMLConfig maxThreads is 2
[16May2026 02:38:38.102] [main/TRACE] [net.neoforged.fml.loading.FMLConfig/CORE]: FMLConfig versionCheck is true
[16May2026 02:38:38.103] [main/TRACE] [net.neoforged.fml.loading.FMLConfig/CORE]: FMLConfig defaultConfigPath is defaultconfigs
[16May2026 02:38:38.103] [main/TRACE] [net.neoforged.fml.loading.FMLConfig/CORE]: FMLConfig disableOptimizedDFU is true
[16May2026 02:38:38.103] [main/TRACE] [net.neoforged.fml.loading.FMLConfig/CORE]: FMLConfig earlyWindowProvider is fmlearlywindow
[16May2026 02:38:38.104] [main/TRACE] [net.neoforged.fml.loading.FMLConfig/CORE]: FMLConfig earlyWindowWidth is 854
[16May2026 02:38:38.104] [main/TRACE] [net.neoforged.fml.loading.FMLConfig/CORE]: FMLConfig earlyWindowHeight is 480
[16May2026 02:38:38.104] [main/TRACE] [net.neoforged.fml.loading.FMLConfig/CORE]: FMLConfig earlyWindowFBScale is 1
[16May2026 02:38:38.104] [main/TRACE] [net.neoforged.fml.loading.FMLConfig/CORE]: FMLConfig earlyWindowMaximized is false
[16May2026 02:38:38.105] [main/TRACE] [net.neoforged.fml.loading.FMLConfig/CORE]: FMLConfig earlyWindowSkipGLVersions is []
[16May2026 02:38:38.105] [main/TRACE] [net.neoforged.fml.loading.FMLConfig/CORE]: FMLConfig earlyWindowSquir is false
[16May2026 02:38:38.111] [main/DEBUG] [cpw.mods.modlauncher.TransformationServicesHandler/MODLAUNCHER]: Found additional transformation services from discovery services: 
[16May2026 02:38:38.127] [main/INFO] [net.neoforged.fml.loading.ImmediateWindowHandler/]: ImmediateWindowProvider not loading because launch target is forgeserver
[16May2026 02:38:38.142] [main/DEBUG] [cpw.mods.modlauncher.TransformationServicesHandler/MODLAUNCHER]: Found transformer services : [mixin,fml]
[16May2026 02:38:38.142] [main/DEBUG] [cpw.mods.modlauncher.TransformationServicesHandler/MODLAUNCHER]: Transformation services loading
[16May2026 02:38:38.143] [main/DEBUG] [cpw.mods.modlauncher.TransformationServiceDecorator/MODLAUNCHER]: Loading service mixin
[16May2026 02:38:38.143] [main/DEBUG] [cpw.mods.modlauncher.TransformationServiceDecorator/MODLAUNCHER]: Loaded service mixin
[16May2026 02:38:38.144] [main/DEBUG] [cpw.mods.modlauncher.TransformationServiceDecorator/MODLAUNCHER]: Loading service fml
[16May2026 02:38:38.144] [main/DEBUG] [net.neoforged.fml.loading.FMLLoader/CORE]: FML 4.0.42 loading
[16May2026 02:38:38.144] [main/DEBUG] [net.neoforged.fml.loading.FMLLoader/CORE]: FML found ModLauncher version : 11.0.5+main.901c6ea8
[16May2026 02:38:38.145] [main/DEBUG] [net.neoforged.fml.loading.FMLLoader/CORE]: FML found AccessTransformer version : 10.0.1+139da711
[16May2026 02:38:38.145] [main/DEBUG] [net.neoforged.fml.loading.FMLLoader/CORE]: FML found EventBus version : null
[16May2026 02:38:38.145] [main/DEBUG] [net.neoforged.fml.loading.FMLLoader/CORE]: Found Runtime Dist Cleaner
[16May2026 02:38:38.145] [main/DEBUG] [cpw.mods.modlauncher.TransformationServiceDecorator/MODLAUNCHER]: Loaded service fml
[16May2026 02:38:38.147] [main/DEBUG] [cpw.mods.modlauncher.TransformationServicesHandler/MODLAUNCHER]: Configuring option handling for services
[16May2026 02:38:38.166] [main/DEBUG] [net.neoforged.fml.loading.FMLServiceProvider/CORE]: Received command line version data  : VersionInfo[neoForgeVersion=21.1.230, fmlVersion=4.0.42, mcVersion=1.21.1, neoFormVersion=20240808.144430]
[16May2026 02:38:38.167] [main/DEBUG] [cpw.mods.modlauncher.TransformationServicesHandler/MODLAUNCHER]: Transformation services initializing
[16May2026 02:38:38.168] [main/DEBUG] [cpw.mods.modlauncher.TransformationServiceDecorator/MODLAUNCHER]: Initializing transformation service mixin
[16May2026 02:38:38.185] [main/DEBUG] [mixin/]: MixinService [ModLauncher] was successfully booted in cpw.mods.cl.ModuleClassLoader@1554909b
[16May2026 02:38:38.207] [main/INFO] [mixin/]: SpongePowered MIXIN Subsystem Version=0.8.7 Source=union:/workspaces/mc-server/mcserver/libraries/net/fabricmc/sponge-mixin/0.15.2+mixin.0.8.7/sponge-mixin-0.15.2+mixin.0.8.7.jar%2373!/ Service=ModLauncher Env=SERVER
[16May2026 02:38:38.211] [main/DEBUG] [mixin/]: Initialising Mixin Platform Manager
[16May2026 02:38:38.212] [main/DEBUG] [mixin/]: Adding mixin platform agents for container ModLauncher Root Container(ModLauncher:4f56a0a2)
[16May2026 02:38:38.212] [main/DEBUG] [mixin/]: Instancing new MixinPlatformAgentMinecraftForge for ModLauncher Root Container(ModLauncher:4f56a0a2)
[16May2026 02:38:38.213] [main/DEBUG] [mixin/]: MixinPlatformAgentMinecraftForge rejected container ModLauncher Root Container(ModLauncher:4f56a0a2)
[16May2026 02:38:38.213] [main/DEBUG] [mixin/]: Instancing new MixinPlatformAgentDefault for ModLauncher Root Container(ModLauncher:4f56a0a2)
[16May2026 02:38:38.214] [main/DEBUG] [mixin/]: MixinPlatformAgentDefault accepted container ModLauncher Root Container(ModLauncher:4f56a0a2)
[16May2026 02:38:38.216] [main/DEBUG] [cpw.mods.modlauncher.TransformationServiceDecorator/MODLAUNCHER]: Initialized transformation service mixin
[16May2026 02:38:38.216] [main/DEBUG] [cpw.mods.modlauncher.TransformationServiceDecorator/MODLAUNCHER]: Initializing transformation service fml
[16May2026 02:38:38.216] [main/DEBUG] [net.neoforged.fml.loading.FMLServiceProvider/CORE]: Setting up basic FML game directories
[16May2026 02:38:38.217] [main/DEBUG] [net.neoforged.fml.loading.FMLPaths/CORE]: Path GAMEDIR is /workspaces/mc-server/mcserver
[16May2026 02:38:38.217] [main/DEBUG] [net.neoforged.fml.loading.FMLPaths/CORE]: Path MODSDIR is /workspaces/mc-server/mcserver/mods
[16May2026 02:38:38.218] [main/DEBUG] [net.neoforged.fml.loading.FMLPaths/CORE]: Path CONFIGDIR is /workspaces/mc-server/mcserver/config
[16May2026 02:38:38.218] [main/DEBUG] [net.neoforged.fml.loading.FMLPaths/CORE]: Path FMLCONFIG is /workspaces/mc-server/mcserver/config/fml.toml
[16May2026 02:38:38.218] [main/DEBUG] [net.neoforged.fml.loading.FMLServiceProvider/CORE]: Loading configuration
[16May2026 02:38:38.239] [main/TRACE] [net.neoforged.fml.loading.FMLConfig/CORE]: Loaded FML config from /workspaces/mc-server/mcserver/config/fml.toml
[16May2026 02:38:38.240] [main/TRACE] [net.neoforged.fml.loading.FMLConfig/CORE]: FMLConfig disableConfigWatcher is false
[16May2026 02:38:38.240] [main/TRACE] [net.neoforged.fml.loading.FMLConfig/CORE]: FMLConfig earlyWindowControl is true
[16May2026 02:38:38.240] [main/TRACE] [net.neoforged.fml.loading.FMLConfig/CORE]: FMLConfig maxThreads is 2
[16May2026 02:38:38.240] [main/TRACE] [net.neoforged.fml.loading.FMLConfig/CORE]: FMLConfig versionCheck is true
[16May2026 02:38:38.240] [main/TRACE] [net.neoforged.fml.loading.FMLConfig/CORE]: FMLConfig defaultConfigPath is defaultconfigs
[16May2026 02:38:38.240] [main/TRACE] [net.neoforged.fml.loading.FMLConfig/CORE]: FMLConfig disableOptimizedDFU is true
[16May2026 02:38:38.240] [main/TRACE] [net.neoforged.fml.loading.FMLConfig/CORE]: FMLConfig earlyWindowProvider is fmlearlywindow
[16May2026 02:38:38.240] [main/TRACE] [net.neoforged.fml.loading.FMLConfig/CORE]: FMLConfig earlyWindowWidth is 854
[16May2026 02:38:38.241] [main/TRACE] [net.neoforged.fml.loading.FMLConfig/CORE]: FMLConfig earlyWindowHeight is 480
[16May2026 02:38:38.241] [main/TRACE] [net.neoforged.fml.loading.FMLConfig/CORE]: FMLConfig earlyWindowFBScale is 1
[16May2026 02:38:38.241] [main/TRACE] [net.neoforged.fml.loading.FMLConfig/CORE]: FMLConfig earlyWindowMaximized is false
[16May2026 02:38:38.241] [main/TRACE] [net.neoforged.fml.loading.FMLConfig/CORE]: FMLConfig earlyWindowSkipGLVersions is []
[16May2026 02:38:38.241] [main/TRACE] [net.neoforged.fml.loading.FMLConfig/CORE]: FMLConfig earlyWindowSquir is false
[16May2026 02:38:38.245] [main/DEBUG] [net.neoforged.fml.loading.LaunchContext/SCAN]: Located paths when launch context was created: [/workspaces/mc-server/mcserver/libraries/net/neoforged/accesstransformers/10.0.1/accesstransformers-10.0.1.jar, /workspaces/mc-server/mcserver/libraries/com/electronwill/night-config/toml/3.8.3/toml-3.8.3.jar, /workspaces/mc-server/mcserver/libraries/org/apache/logging/log4j/log4j-api/2.22.1/log4j-api-2.22.1.jar, /workspaces/mc-server/mcserver/libraries/net/sf/jopt-simple/jopt-simple/5.0.4/jopt-simple-5.0.4.jar, /workspaces/mc-server/mcserver/libraries/net/neoforged/JarJarSelector/0.4.1/JarJarSelector-0.4.1.jar, /workspaces/mc-server/mcserver/libraries/com/google/code/findbugs/jsr305/3.0.2/jsr305-3.0.2.jar, /workspaces/mc-server/mcserver/libraries/net/neoforged/bus/8.0.5/bus-8.0.5.jar, /workspaces/mc-server/mcserver/libraries/com/google/errorprone/error_prone_annotations/2.18.0/error_prone_annotations-2.18.0.jar, /workspaces/mc-server/mcserver/libraries/com/google/j2objc/j2objc-annotations/2.8/j2objc-annotations-2.8.jar, /workspaces/mc-server/mcserver/libraries/com/google/guava/failureaccess/1.0.1/failureaccess-1.0.1.jar, /workspaces/mc-server/mcserver/libraries/org/apache/maven/maven-artifact/3.8.5/maven-artifact-3.8.5.jar, /workspaces/mc-server/mcserver/libraries/io/netty/netty-common/4.1.97.Final/netty-common-4.1.97.Final.jar, /workspaces/mc-server/mcserver/libraries/org/antlr/antlr4-runtime/4.13.1/antlr4-runtime-4.13.1.jar, /workspaces/mc-server/mcserver/libraries/org/apache/commons/commons-lang3/3.14.0/commons-lang3-3.14.0.jar, /workspaces/mc-server/mcserver/libraries/org/apache/logging/log4j/log4j-slf4j2-impl/2.22.1/log4j-slf4j2-impl-2.22.1.jar, /workspaces/mc-server/mcserver/libraries/io/netty/netty-transport-native-epoll/4.1.97.Final/netty-transport-native-epoll-4.1.97.Final-linux-x86_64.jar, /workspaces/mc-server/mcserver/libraries/io/netty/netty-resolver/4.1.97.Final/netty-resolver-4.1.97.Final.jar, /workspaces/mc-server/mcserver/libraries/org/jline/jline-terminal/3.20.0/jline-terminal-3.20.0.jar, /workspaces/mc-server/mcserver/libraries/io/netty/netty-transport-native-epoll/4.1.97.Final/netty-transport-native-epoll-4.1.97.Final-linux-aarch_64.jar, /workspaces/mc-server/mcserver/libraries/org/codehaus/plexus/plexus-utils/3.3.0/plexus-utils-3.3.0.jar, /workspaces/mc-server/mcserver/libraries/net/neoforged/JarJarMetadata/0.4.1/JarJarMetadata-0.4.1.jar, /workspaces/mc-server/mcserver/libraries/org/slf4j/slf4j-api/2.0.9/slf4j-api-2.0.9.jar, /workspaces/mc-server/mcserver/libraries/io/netty/netty-handler/4.1.97.Final/netty-handler-4.1.97.Final.jar, /workspaces/mc-server/mcserver/libraries/org/jline/jline-reader/3.20.0/jline-reader-3.20.0.jar, /workspaces/mc-server/mcserver/libraries/net/fabricmc/sponge-mixin/0.15.2+mixin.0.8.7/sponge-mixin-0.15.2+mixin.0.8.7.jar, /workspaces/mc-server/mcserver/libraries/net/neoforged/fancymodloader/earlydisplay/4.0.42/earlydisplay-4.0.42.jar, /workspaces/mc-server/mcserver/libraries/commons-io/commons-io/2.15.1/commons-io-2.15.1.jar, /workspaces/mc-server/mcserver/libraries/com/google/guava/listenablefuture/9999.0-empty-to-avoid-conflict-with-guava/listenablefuture-9999.0-empty-to-avoid-conflict-with-guava.jar, /workspaces/mc-server/mcserver/libraries/org/joml/joml/1.10.5/joml-1.10.5.jar, /workspaces/mc-server/mcserver/libraries/com/google/guava/guava/32.1.2-jre/guava-32.1.2-jre.jar, /workspaces/mc-server/mcserver/libraries/org/openjdk/nashorn/nashorn-core/15.4/nashorn-core-15.4.jar, /workspaces/mc-server/mcserver/libraries/com/mojang/brigadier/1.3.10/brigadier-1.3.10.jar, /workspaces/mc-server/mcserver/libraries/com/github/oshi/oshi-core/6.4.10/oshi-core-6.4.10.jar, /workspaces/mc-server/mcserver/libraries/com/google/code/gson/gson/2.10.1/gson-2.10.1.jar, /workspaces/mc-server/mcserver/libraries/net/neoforged/mergetool/2.0.0/mergetool-2.0.0-api.jar, /workspaces/mc-server/mcserver/libraries/net/minecrell/terminalconsoleappender/1.3.0/terminalconsoleappender-1.3.0.jar, /workspaces/mc-server/mcserver/libraries/com/mojang/datafixerupper/8.0.16/datafixerupper-8.0.16.jar, /workspaces/mc-server/mcserver/libraries/net/neoforged/coremods/7.0.3/coremods-7.0.3.jar, /workspaces/mc-server/mcserver/libraries/com/electronwill/night-config/core/3.8.3/core-3.8.3.jar, /workspaces/mc-server/mcserver/libraries/net/neoforged/accesstransformers/at-modlauncher/10.0.1/at-modlauncher-10.0.1.jar, /workspaces/mc-server/mcserver/libraries/com/mojang/authlib/6.0.54/authlib-6.0.54.jar, /workspaces/mc-server/mcserver/libraries/org/lz4/lz4-java/1.8.0/lz4-java-1.8.0.jar, /workspaces/mc-server/mcserver/libraries/com/machinezoo/noexception/noexception/1.7.1/noexception-1.7.1.jar, /workspaces/mc-server/mcserver/libraries/net/jodah/typetools/0.6.3/typetools-0.6.3.jar, /workspaces/mc-server/mcserver/libraries/net/java/dev/jna/jna-platform/5.14.0/jna-platform-5.14.0.jar, /workspaces/mc-server/mcserver/libraries/io/netty/netty-buffer/4.1.97.Final/netty-buffer-4.1.97.Final.jar, /workspaces/mc-server/mcserver/libraries/com/mojang/logging/1.2.7/logging-1.2.7.jar, /workspaces/mc-server/mcserver/libraries/net/minecraftforge/srgutils/0.4.15/srgutils-0.4.15.jar, /workspaces/mc-server/mcserver/libraries/it/unimi/dsi/fastutil/8.5.12/fastutil-8.5.12.jar, /workspaces/mc-server/mcserver/libraries/net/java/dev/jna/jna/5.14.0/jna-5.14.0.jar, /workspaces/mc-server/mcserver/libraries/cpw/mods/modlauncher/11.0.5/modlauncher-11.0.5.jar, /workspaces/mc-server/mcserver/libraries/org/apache/logging/log4j/log4j-core/2.22.1/log4j-core-2.22.1.jar, /workspaces/mc-server/mcserver/libraries/io/netty/netty-codec/4.1.97.Final/netty-codec-4.1.97.Final.jar, /workspaces/mc-server/mcserver/libraries/io/netty/netty-transport-native-unix-common/4.1.97.Final/netty-transport-native-unix-common-4.1.97.Final.jar, /workspaces/mc-server/mcserver/libraries/io/netty/netty-transport-classes-epoll/4.1.97.Final/netty-transport-classes-epoll-4.1.97.Final.jar, /workspaces/mc-server/mcserver/libraries/net/neoforged/fancymodloader/loader/4.0.42/loader-4.0.42.jar, /workspaces/mc-server/mcserver/libraries/io/netty/netty-transport/4.1.97.Final/netty-transport-4.1.97.Final.jar, /workspaces/mc-server/mcserver/libraries/org/checkerframework/checker-qual/3.33.0/checker-qual-3.33.0.jar]
[16May2026 02:38:38.246] [main/DEBUG] [net.neoforged.fml.loading.FMLServiceProvider/CORE]: Preparing launch handler
[16May2026 02:38:38.247] [main/DEBUG] [net.neoforged.fml.loading.FMLLoader/CORE]: Using forgeserver as launch service
[16May2026 02:38:38.247] [main/DEBUG] [net.neoforged.fml.common.asm.RuntimeDistCleaner/DISTXFORM]: Configuring for Dist DEDICATED_SERVER
[16May2026 02:38:38.249] [main/DEBUG] [cpw.mods.modlauncher.TransformationServiceDecorator/MODLAUNCHER]: Initialized transformation service fml
[16May2026 02:38:38.251] [main/DEBUG] [cpw.mods.modlauncher.TransformationServicesHandler/MODLAUNCHER]: Transformation services begin scanning
[16May2026 02:38:38.252] [main/DEBUG] [cpw.mods.modlauncher.TransformationServiceDecorator/MODLAUNCHER]: Beginning scan trigger - transformation service mixin
[16May2026 02:38:38.254] [main/DEBUG] [cpw.mods.modlauncher.TransformationServiceDecorator/MODLAUNCHER]: End scan trigger - transformation service mixin
[16May2026 02:38:38.254] [main/DEBUG] [cpw.mods.modlauncher.TransformationServiceDecorator/MODLAUNCHER]: Beginning scan trigger - transformation service fml
[16May2026 02:38:38.254] [main/DEBUG] [net.neoforged.fml.loading.FMLServiceProvider/CORE]: Initiating mod scan
[16May2026 02:38:38.274] [main/DEBUG] [net.neoforged.fml.util.ServiceLoaderUtil/CORE]: Found 4 implementations of IModFileCandidateLocator:
[16May2026 02:38:38.276] [main/DEBUG] [net.neoforged.fml.util.ServiceLoaderUtil/CORE]: 	    1000 - [built-in] net.neoforged.fml.loading.moddiscovery.locators.ProductionServerProvider from loader-4.0.42.jar
[16May2026 02:38:38.287] [main/DEBUG] [net.neoforged.fml.util.ServiceLoaderUtil/CORE]: 	    1000 - [built-in] net.neoforged.fml.loading.moddiscovery.locators.PathBasedLocator from loader-4.0.42.jar
[16May2026 02:38:38.289] [main/DEBUG] [net.neoforged.fml.util.ServiceLoaderUtil/CORE]: 	       0 - net.neoforged.fml.loading.moddiscovery.locators.ModsFolderLocator from loader-4.0.42.jar
[16May2026 02:38:38.289] [main/DEBUG] [net.neoforged.fml.util.ServiceLoaderUtil/CORE]: 	       0 - net.neoforged.fml.loading.moddiscovery.locators.MavenDirectoryLocator from loader-4.0.42.jar
[16May2026 02:38:38.291] [main/DEBUG] [net.neoforged.fml.util.ServiceLoaderUtil/CORE]: Found 2 implementations of IModFileReader:
[16May2026 02:38:38.291] [main/DEBUG] [net.neoforged.fml.util.ServiceLoaderUtil/CORE]: 	       0 - net.neoforged.fml.loading.moddiscovery.readers.JarModsDotTomlModFileReader from loader-4.0.42.jar
[16May2026 02:38:38.292] [main/DEBUG] [net.neoforged.fml.util.ServiceLoaderUtil/CORE]: 	   -1000 - net.neoforged.fml.loading.moddiscovery.readers.NestedLibraryModReader from loader-4.0.42.jar
[16May2026 02:38:38.293] [main/DEBUG] [net.neoforged.fml.util.ServiceLoaderUtil/CORE]: Found 1 implementations of IDependencyLocator:
[16May2026 02:38:38.293] [main/DEBUG] [net.neoforged.fml.util.ServiceLoaderUtil/CORE]: 	       0 - net.neoforged.fml.loading.moddiscovery.locators.JarInJarDependencyLocator from loader-4.0.42.jar
[16May2026 02:38:38.293] [main/DEBUG] [net.neoforged.fml.loading.moddiscovery.ModDiscoverer/SCAN]: Scanning for mods and other resources to load. We know 4 ways to find mods
[16May2026 02:38:38.294] [main/DEBUG] [net.neoforged.fml.loading.moddiscovery.ModDiscoverer/SCAN]: Trying locator production server provider +net.neoforged:neoforge:21.1.230:server
[16May2026 02:38:39.037] [main/DEBUG] [net.neoforged.fml.loading.moddiscovery.ModFileInfo/LOADING]: Found valid mod file server-1.21.1-20240808.144430-srg.jar with {minecraft} mods - versions {1.21.1}
[16May2026 02:38:39.037] [main/INFO] [net.neoforged.fml.loading.moddiscovery.ModDiscoverer/SCAN]: Found mod file "server-1.21.1-20240808.144430-srg.jar" [locator: production server provider +net.neoforged:neoforge:21.1.230:server]
[16May2026 02:38:39.040] [main/DEBUG] [net.neoforged.fml.loading.moddiscovery.ModDiscoverer/SCAN]: Locator production server provider +net.neoforged:neoforge:21.1.230:server found 1 mods, 0 warnings, 0 errors and skipped 0 candidates
[16May2026 02:38:39.041] [main/DEBUG] [net.neoforged.fml.loading.moddiscovery.ModDiscoverer/SCAN]: Trying locator PathBasedLocator[name=neoforge, paths=[libraries/net/neoforged/neoforge/21.1.230/neoforge-21.1.230-universal.jar]]
[16May2026 02:38:39.046] [main/DEBUG] [net.neoforged.fml.loading.moddiscovery.readers.JarModsDotTomlModFileReader/SCAN]: Found META-INF/neoforge.mods.toml mod of type null: /workspaces/mc-server/mcserver/libraries/net/neoforged/neoforge/21.1.230/neoforge-21.1.230-universal.jar
[16May2026 02:38:39.047] [main/DEBUG] [net.neoforged.fml.loading.moddiscovery.ModFileParser/LOADING]: Considering mod file candidate /workspaces/mc-server/mcserver/libraries/net/neoforged/neoforge/21.1.230/neoforge-21.1.230-universal.jar
[16May2026 02:38:39.067] [main/DEBUG] [net.neoforged.fml.loading.moddiscovery.ModFileInfo/LOADING]: Found valid mod file neoforge-21.1.230-universal.jar with {neoforge} mods - versions {21.1.230}
[16May2026 02:38:39.068] [main/INFO] [net.neoforged.fml.loading.moddiscovery.ModDiscoverer/SCAN]: Found mod file "neoforge-21.1.230-universal.jar" [locator: PathBasedLocator[name=neoforge, paths=[libraries/net/neoforged/neoforge/21.1.230/neoforge-21.1.230-universal.jar]], reader: mod manifest]
[16May2026 02:38:39.069] [main/DEBUG] [net.neoforged.fml.loading.moddiscovery.ModDiscoverer/SCAN]: Locator PathBasedLocator[name=neoforge, paths=[libraries/net/neoforged/neoforge/21.1.230/neoforge-21.1.230-universal.jar]] found 1 mods, 0 warnings, 0 errors and skipped 0 candidates
[16May2026 02:38:39.069] [main/DEBUG] [net.neoforged.fml.loading.moddiscovery.ModDiscoverer/SCAN]: Trying locator {mods folder locator at /workspaces/mc-server/mcserver/mods}
[16May2026 02:38:39.069] [main/DEBUG] [net.neoforged.fml.loading.moddiscovery.locators.ModsFolderLocator/SCAN]: Scanning mods dir /workspaces/mc-server/mcserver/mods for mods
[16May2026 02:38:39.072] [main/DEBUG] [net.neoforged.fml.loading.moddiscovery.ModDiscoverer/SCAN]: Locator {mods folder locator at /workspaces/mc-server/mcserver/mods} found 0 mods, 0 warnings, 0 errors and skipped 0 candidates
[16May2026 02:38:39.072] [main/DEBUG] [net.neoforged.fml.loading.moddiscovery.ModDiscoverer/SCAN]: Trying locator maven libs
[16May2026 02:38:39.075] [main/DEBUG] [net.neoforged.fml.loading.moddiscovery.ModListHandler/CORE]: Found mod coordinates from lists: []
[16May2026 02:38:39.078] [main/DEBUG] [net.neoforged.fml.loading.moddiscovery.ModDiscoverer/SCAN]: Locator maven libs found 0 mods, 0 warnings, 0 errors and skipped 0 candidates
[16May2026 02:38:39.085] [main/DEBUG] [net.neoforged.fml.loading.moddiscovery.ModDiscoverer/SCAN]: Successfully Loaded 2 mods. Attempting to load dependencies...
[16May2026 02:38:39.085] [main/DEBUG] [net.neoforged.fml.loading.moddiscovery.ModDiscoverer/SCAN]: Trying locator jarinjar
[16May2026 02:38:39.091] [main/TRACE] [net.neoforged.fml.loading.moddiscovery.locators.JarInJarDependencyLocator/]: Failed to load resource META-INF/jarjar/metadata.json from server-1.21.1-20240808.144430-srg.jar, it does not contain dependency information.
[16May2026 02:38:39.227] [main/DEBUG] [net.neoforged.fml.loading.moddiscovery.readers.JarModsDotTomlModFileReader/SCAN]: Found META-INF/MANIFEST.MF mod of type GAMELIBRARY: 
[16May2026 02:38:39.235] [main/DEBUG] [net.neoforged.fml.loading.moddiscovery.readers.JarModsDotTomlModFileReader/SCAN]: Found META-INF/MANIFEST.MF mod of type LIBRARY: 
[16May2026 02:38:39.241] [main/TRACE] [net.neoforged.fml.loading.moddiscovery.locators.JarInJarDependencyLocator/]: Failed to load resource META-INF/jarjar/metadata.json from mixinextras-neoforge-0.5.3.jar, it does not contain dependency information.
[16May2026 02:38:39.241] [main/TRACE] [net.neoforged.fml.loading.moddiscovery.locators.JarInJarDependencyLocator/]: Failed to load resource META-INF/jarjar/metadata.json from net.neoforged.neoforge-coremods-21.1.230.jar, it does not contain dependency information.
[16May2026 02:38:39.299] [main/DEBUG] [net.neoforged.fml.loading.moddiscovery.readers.JarModsDotTomlModFileReader/SCAN]: Found META-INF/MANIFEST.MF mod of type GAMELIBRARY: 
[16May2026 02:38:39.301] [main/DEBUG] [net.neoforged.fml.loading.moddiscovery.readers.JarModsDotTomlModFileReader/SCAN]: Found META-INF/MANIFEST.MF mod of type LIBRARY: 
[16May2026 02:38:39.303] [main/INFO] [net.neoforged.fml.loading.moddiscovery.locators.JarInJarDependencyLocator/]: Found 2 dependencies adding them to mods collection
[16May2026 02:38:39.303] [main/INFO] [net.neoforged.fml.loading.moddiscovery.ModDiscoverer/SCAN]: Found gamelibrary file "mixinextras-neoforge-0.5.3.jar" [parent: neoforge-21.1.230-universal.jar, locator: jarinjar, reader: mod manifest]
[16May2026 02:38:39.304] [main/INFO] [net.neoforged.fml.loading.moddiscovery.ModDiscoverer/SCAN]: Found library file "net.neoforged.neoforge-coremods-21.1.230.jar" [parent: neoforge-21.1.230-universal.jar, locator: jarinjar, reader: mod manifest]
[16May2026 02:38:39.306] [main/INFO] [net.neoforged.fml.loading.moddiscovery.ModDiscoverer/]: 
     Mod List:
		Name Version (Mod Id)

		Minecraft 1.21.1 (minecraft)
		NeoForge 21.1.230 (neoforge)
[16May2026 02:38:39.307] [main/DEBUG] [net.neoforged.fml.loading.moddiscovery.ModFileInfo/LOADING]: Found valid mod file server-1.21.1-20240808.144430-srg.jar with {minecraft} mods - versions {1.21.1}
[16May2026 02:38:39.308] [main/DEBUG] [net.neoforged.fml.loading.moddiscovery.ModFile/LOADING]: Loading mod file /workspaces/mc-server/mcserver/libraries/net/minecraft/server/1.21.1-20240808.144430/server-1.21.1-20240808.144430-srg.jar with languages [LanguageSpec[languageName=minecraft, acceptedVersions=1]]
[16May2026 02:38:39.310] [main/DEBUG] [net.neoforged.fml.loading.moddiscovery.ModFileParser/LOADING]: Considering mod file candidate /workspaces/mc-server/mcserver/libraries/net/neoforged/neoforge/21.1.230/neoforge-21.1.230-universal.jar
[16May2026 02:38:39.311] [main/DEBUG] [net.neoforged.fml.loading.moddiscovery.ModFileInfo/LOADING]: Found valid mod file neoforge-21.1.230-universal.jar with {neoforge} mods - versions {21.1.230}
[16May2026 02:38:39.312] [main/DEBUG] [net.neoforged.fml.loading.moddiscovery.ModFile/LOADING]: Loading mod file /workspaces/mc-server/mcserver/libraries/net/neoforged/neoforge/21.1.230/neoforge-21.1.230-universal.jar with languages [LanguageSpec[languageName=javafml, acceptedVersions=[3,]]]
[16May2026 02:38:39.312] [main/DEBUG] [net.neoforged.fml.loading.moddiscovery.ModFile/LOADING]: Found mixin config MixinConfig[config=neoforge.mixins.json, requiredMods=[]]
[16May2026 02:38:39.313] [main/DEBUG] [net.neoforged.fml.loading.moddiscovery.ModFile/LOADING]: Loading mod file  with languages []
[16May2026 02:38:39.316] [main/DEBUG] [net.neoforged.fml.loading.moddiscovery.ModValidator/SCAN]: Found 3 mod files with 2 mods
[16May2026 02:38:39.317] [main/DEBUG] [cpw.mods.modlauncher.TransformationServiceDecorator/MODLAUNCHER]: End scan trigger - transformation service fml
[16May2026 02:38:39.338] [main/DEBUG] [net.neoforged.fml.util.ServiceLoaderUtil/CORE]: Found 3 implementations of IModLanguageLoader:
[16May2026 02:38:39.339] [main/DEBUG] [net.neoforged.fml.util.ServiceLoaderUtil/CORE]: 	net.neoforged.fml.javafmlmod.FMLJavaModLanguageProvider from loader-4.0.42.jar
[16May2026 02:38:39.339] [main/DEBUG] [net.neoforged.fml.util.ServiceLoaderUtil/CORE]: 	net.neoforged.fml.lowcodemod.LowCodeModLanguageProvider from loader-4.0.42.jar
[16May2026 02:38:39.339] [main/DEBUG] [net.neoforged.fml.util.ServiceLoaderUtil/CORE]: 	net.neoforged.fml.mclanguageprovider.MinecraftModLanguageProvider from loader-4.0.42.jar
[16May2026 02:38:39.339] [main/DEBUG] [net.neoforged.fml.loading.LanguageProviderLoader/CORE]: Found language provider javafml, version 4.0.42
[16May2026 02:38:39.341] [main/DEBUG] [net.neoforged.fml.loading.LanguageProviderLoader/CORE]: Found language provider lowcodefml, version 4.0.42
[16May2026 02:38:39.341] [main/DEBUG] [net.neoforged.fml.loading.LanguageProviderLoader/CORE]: Found language provider minecraft, version 4.0.42
[16May2026 02:38:39.346] [main/DEBUG] [net.neoforged.fml.loading.ModSorter/]: Configured system mods: [minecraft, neoforge]
[16May2026 02:38:39.346] [main/DEBUG] [net.neoforged.fml.loading.ModSorter/]: Found system mod: minecraft
[16May2026 02:38:39.346] [main/DEBUG] [net.neoforged.fml.loading.ModSorter/]: Found system mod: neoforge
[16May2026 02:38:39.350] [main/DEBUG] [net.neoforged.fml.loading.ModSorter/LOADING]: Found 0 mod requirements (0 mandatory, 0 optional)
[16May2026 02:38:39.350] [main/DEBUG] [net.neoforged.fml.loading.ModSorter/LOADING]: Found 0 mod requirements missing (0 mandatory, 0 optional)
[16May2026 02:38:39.373] [main/DEBUG] [net.neoforged.fml.loading.FMLLoader/SCAN]: Adding Access Transformer in /workspaces/mc-server/mcserver/libraries/net/neoforged/neoforge/21.1.230/neoforge-21.1.230-universal.jar
[16May2026 02:38:39.382] [main/DEBUG] [AXFORM/AXFORM]: Loading access transformer accesstransformer.cfg
[16May2026 02:38:39.654] [main/DEBUG] [AXFORM/AXFORM]: Loaded access transformer accesstransformer.cfg
[16May2026 02:38:39.658] [main/DEBUG] [mixin/]: Adding mixin platform agents for container net.neoforged.fml.loading.mixin.FMLMixinContainerHandle@14bae047
[16May2026 02:38:39.658] [main/DEBUG] [mixin/]: Instancing new MixinPlatformAgentMinecraftForge for net.neoforged.fml.loading.mixin.FMLMixinContainerHandle@14bae047
[16May2026 02:38:39.659] [main/DEBUG] [mixin/]: MixinPlatformAgentMinecraftForge rejected container net.neoforged.fml.loading.mixin.FMLMixinContainerHandle@14bae047
[16May2026 02:38:39.659] [main/DEBUG] [mixin/]: Instancing new MixinPlatformAgentDefault for net.neoforged.fml.loading.mixin.FMLMixinContainerHandle@14bae047
[16May2026 02:38:39.659] [main/DEBUG] [mixin/]: MixinPlatformAgentDefault accepted container net.neoforged.fml.loading.mixin.FMLMixinContainerHandle@14bae047
[16May2026 02:38:39.659] [main/DEBUG] [mixin/]: Instancing new FMLMixinPlatformAgent for net.neoforged.fml.loading.mixin.FMLMixinContainerHandle@14bae047
[16May2026 02:38:39.660] [main/DEBUG] [mixin/]: FMLMixinPlatformAgent accepted container net.neoforged.fml.loading.mixin.FMLMixinContainerHandle@14bae047
[16May2026 02:38:39.671] [main/DEBUG] [cpw.mods.modlauncher.TransformationServicesHandler/MODLAUNCHER]: Transformation services loading transformers
[16May2026 02:38:39.671] [main/DEBUG] [cpw.mods.modlauncher.TransformationServiceDecorator/MODLAUNCHER]: Initializing transformers for transformation service mixin
[16May2026 02:38:39.672] [main/DEBUG] [cpw.mods.modlauncher.TransformationServiceDecorator/MODLAUNCHER]: Initialized transformers for transformation service mixin
[16May2026 02:38:39.672] [main/DEBUG] [cpw.mods.modlauncher.TransformationServiceDecorator/MODLAUNCHER]: Initializing transformers for transformation service fml
[16May2026 02:38:39.673] [main/DEBUG] [net.neoforged.fml.loading.FMLServiceProvider/LOADING]: Loading coremod transformers
[16May2026 02:38:39.674] [main/DEBUG] [net.neoforged.fml.loading.FMLServiceProvider/CORE]: Not loading coremod script-engine since no mod requested it
[16May2026 02:38:39.677] [main/DEBUG] [net.neoforged.fml.util.ServiceLoaderUtil/CORE]: Found 1 implementations of ICoreMod:
[16May2026 02:38:39.677] [main/DEBUG] [net.neoforged.fml.util.ServiceLoaderUtil/CORE]: 	net.neoforged.neoforge.coremods.NeoForgeCoreMod from neoforge-21.1.230-universal.jar > net.neoforged.neoforge-coremods-21.1.230.jar
[16May2026 02:38:39.683] [main/DEBUG] [net.neoforged.fml.loading.FMLServiceProvider/CORE]: Adding [Target[className=net.minecraft.world.level.biome.Biome, elementName=, elementDescriptor=, targetType=cpw.mods.modlauncher.api.TargetType@1b45c0e]] transformer from core-mod net.neoforged.neoforge.coremods.NeoForgeCoreMod@7c8326a4 in neoforge-21.1.230-universal.jar > net.neoforged.neoforge-coremods-21.1.230.jar
[16May2026 02:38:39.684] [main/DEBUG] [net.neoforged.fml.loading.FMLServiceProvider/CORE]: Adding [Target[className=net.minecraft.world.level.levelgen.structure.Structure, elementName=, elementDescriptor=, targetType=cpw.mods.modlauncher.api.TargetType@1b45c0e]] transformer from core-mod net.neoforged.neoforge.coremods.NeoForgeCoreMod@7c8326a4 in neoforge-21.1.230-universal.jar > net.neoforged.neoforge-coremods-21.1.230.jar
[16May2026 02:38:39.684] [main/DEBUG] [net.neoforged.fml.loading.FMLServiceProvider/CORE]: Adding [Target[className=net.minecraft.world.level.block.FlowerPotBlock, elementName=, elementDescriptor=, targetType=cpw.mods.modlauncher.api.TargetType@1b45c0e]] transformer from core-mod net.neoforged.neoforge.coremods.NeoForgeCoreMod@7c8326a4 in neoforge-21.1.230-universal.jar > net.neoforged.neoforge-coremods-21.1.230.jar
[16May2026 02:38:39.685] [main/DEBUG] [net.neoforged.fml.loading.FMLServiceProvider/CORE]: Adding [Target[className=net/minecraft/world/level/levelgen/structure/structures/WoodlandMansionPieces$WoodlandMansionPiece, elementName=, elementDescriptor=, targetType=cpw.mods.modlauncher.api.TargetType@1b45c0e], Target[className=net/minecraft/server/commands/SummonCommand, elementName=, elementDescriptor=, targetType=cpw.mods.modlauncher.api.TargetType@1b45c0e], Target[className=net/minecraft/world/entity/npc/CatSpawner, elementName=, elementDescriptor=, targetType=cpw.mods.modlauncher.api.TargetType@1b45c0e], Target[className=net/minecraft/world/level/NaturalSpawner, elementName=, elementDescriptor=, targetType=cpw.mods.modlauncher.api.TargetType@1b45c0e], Target[className=net/minecraft/world/level/levelgen/PhantomSpawner, elementName=, elementDescriptor=, targetType=cpw.mods.modlauncher.api.TargetType@1b45c0e], Target[className=net/minecraft/world/entity/npc/Villager, elementName=, elementDescriptor=, targetType=cpw.mods.modlauncher.api.TargetType@1b45c0e], Target[className=net/minecraft/world/entity/monster/Zombie, elementName=, elementDescriptor=, targetType=cpw.mods.modlauncher.api.TargetType@1b45c0e], Target[className=net/minecraft/world/entity/monster/Spider, elementName=, elementDescriptor=, targetType=cpw.mods.modlauncher.api.TargetType@1b45c0e], Target[className=net/minecraft/world/entity/monster/ZombieVillager, elementName=, elementDescriptor=, targetType=cpw.mods.modlauncher.api.TargetType@1b45c0e], Target[className=net/minecraft/world/entity/animal/frog/Tadpole, elementName=, elementDescriptor=, targetType=cpw.mods.modlauncher.api.TargetType@1b45c0e], Target[className=net/minecraft/world/level/levelgen/structure/structures/OceanMonumentPieces$OceanMonumentPiece, elementName=, elementDescriptor=, targetType=cpw.mods.modlauncher.api.TargetType@1b45c0e], Target[className=net/minecraft/world/entity/raid/Raid, elementName=, elementDescriptor=, targetType=cpw.mods.modlauncher.api.TargetType@1b45c0e], Target[className=net/minecraft/world/level/levelgen/structure/structures/SwampHutPiece, elementName=, elementDescriptor=, targetType=cpw.mods.modlauncher.api.TargetType@1b45c0e], Target[className=net/minecraft/world/level/levelgen/structure/structures/OceanRuinPieces$OceanRuinPiece, elementName=, elementDescriptor=, targetType=cpw.mods.modlauncher.api.TargetType@1b45c0e], Target[className=net/minecraft/world/entity/EntityType, elementName=, elementDescriptor=, targetType=cpw.mods.modlauncher.api.TargetType@1b45c0e], Target[className=net/minecraft/world/level/levelgen/PatrolSpawner, elementName=, elementDescriptor=, targetType=cpw.mods.modlauncher.api.TargetType@1b45c0e], Target[className=net/minecraft/server/commands/RaidCommand, elementName=, elementDescriptor=, targetType=cpw.mods.modlauncher.api.TargetType@1b45c0e], Target[className=net/minecraft/world/entity/animal/horse/SkeletonTrapGoal, elementName=, elementDescriptor=, targetType=cpw.mods.modlauncher.api.TargetType@1b45c0e], Target[className=net/minecraft/world/level/levelgen/structure/templatesystem/StructureTemplate, elementName=, elementDescriptor=, targetType=cpw.mods.modlauncher.api.TargetType@1b45c0e], Target[className=net/minecraft/world/entity/monster/Strider, elementName=, elementDescriptor=, targetType=cpw.mods.modlauncher.api.TargetType@1b45c0e], Target[className=net/minecraft/world/entity/ai/village/VillageSiege, elementName=, elementDescriptor=, targetType=cpw.mods.modlauncher.api.TargetType@1b45c0e], Target[className=net/minecraft/world/entity/monster/Evoker$EvokerSummonSpellGoal, elementName=, elementDescriptor=, targetType=cpw.mods.modlauncher.api.TargetType@1b45c0e]] transformer from core-mod net.neoforged.neoforge.coremods.NeoForgeCoreMod@7c8326a4 in neoforge-21.1.230-universal.jar > net.neoforged.neoforge-coremods-21.1.230.jar
[16May2026 02:38:39.692] [main/DEBUG] [cpw.mods.modlauncher.TransformStore/MODLAUNCHER]: Adding transformer net.neoforged.neoforge.coremods.ReplaceFieldWithGetterAccess@349d0836 to Target : cpw.mods.modlauncher.api.TargetType@1b45c0e {Lnet/minecraft/world/level/biome/Biome;} {} {V}
[16May2026 02:38:39.693] [main/DEBUG] [cpw.mods.modlauncher.TransformStore/MODLAUNCHER]: Adding transformer net.neoforged.neoforge.coremods.ReplaceFieldWithGetterAccess@6ac97b84 to Target : cpw.mods.modlauncher.api.TargetType@1b45c0e {Lnet/minecraft/world/level/levelgen/structure/Structure;} {} {V}
[16May2026 02:38:39.693] [main/DEBUG] [cpw.mods.modlauncher.TransformStore/MODLAUNCHER]: Adding transformer net.neoforged.neoforge.coremods.ReplaceFieldWithGetterAccess@4917d36b to Target : cpw.mods.modlauncher.api.TargetType@1b45c0e {Lnet/minecraft/world/level/block/FlowerPotBlock;} {} {V}
[16May2026 02:38:39.696] [main/DEBUG] [cpw.mods.modlauncher.TransformStore/MODLAUNCHER]: Adding transformer net.neoforged.neoforge.coremods.MethodRedirector@35c09b94 to Target : cpw.mods.modlauncher.api.TargetType@1b45c0e {Lnet/minecraft/world/level/levelgen/structure/structures/WoodlandMansionPieces$WoodlandMansionPiece;} {} {V}
[16May2026 02:38:39.696] [main/DEBUG] [cpw.mods.modlauncher.TransformStore/MODLAUNCHER]: Adding transformer net.neoforged.neoforge.coremods.MethodRedirector@35c09b94 to Target : cpw.mods.modlauncher.api.TargetType@1b45c0e {Lnet/minecraft/server/commands/SummonCommand;} {} {V}
[16May2026 02:38:39.696] [main/DEBUG] [cpw.mods.modlauncher.TransformStore/MODLAUNCHER]: Adding transformer net.neoforged.neoforge.coremods.MethodRedirector@35c09b94 to Target : cpw.mods.modlauncher.api.TargetType@1b45c0e {Lnet/minecraft/world/entity/npc/CatSpawner;} {} {V}
[16May2026 02:38:39.696] [main/DEBUG] [cpw.mods.modlauncher.TransformStore/MODLAUNCHER]: Adding transformer net.neoforged.neoforge.coremods.MethodRedirector@35c09b94 to Target : cpw.mods.modlauncher.api.TargetType@1b45c0e {Lnet/minecraft/world/level/NaturalSpawner;} {} {V}
[16May2026 02:38:39.696] [main/DEBUG] [cpw.mods.modlauncher.TransformStore/MODLAUNCHER]: Adding transformer net.neoforged.neoforge.coremods.MethodRedirector@35c09b94 to Target : cpw.mods.modlauncher.api.TargetType@1b45c0e {Lnet/minecraft/world/level/levelgen/PhantomSpawner;} {} {V}
[16May2026 02:38:39.696] [main/DEBUG] [cpw.mods.modlauncher.TransformStore/MODLAUNCHER]: Adding transformer net.neoforged.neoforge.coremods.MethodRedirector@35c09b94 to Target : cpw.mods.modlauncher.api.TargetType@1b45c0e {Lnet/minecraft/world/entity/npc/Villager;} {} {V}
[16May2026 02:38:39.697] [main/DEBUG] [cpw.mods.modlauncher.TransformStore/MODLAUNCHER]: Adding transformer net.neoforged.neoforge.coremods.MethodRedirector@35c09b94 to Target : cpw.mods.modlauncher.api.TargetType@1b45c0e {Lnet/minecraft/world/entity/monster/Zombie;} {} {V}
[16May2026 02:38:39.697] [main/DEBUG] [cpw.mods.modlauncher.TransformStore/MODLAUNCHER]: Adding transformer net.neoforged.neoforge.coremods.MethodRedirector@35c09b94 to Target : cpw.mods.modlauncher.api.TargetType@1b45c0e {Lnet/minecraft/world/entity/monster/Spider;} {} {V}
[16May2026 02:38:39.699] [main/DEBUG] [cpw.mods.modlauncher.TransformStore/MODLAUNCHER]: Adding transformer net.neoforged.neoforge.coremods.MethodRedirector@35c09b94 to Target : cpw.mods.modlauncher.api.TargetType@1b45c0e {Lnet/minecraft/world/entity/monster/ZombieVillager;} {} {V}
[16May2026 02:38:39.699] [main/DEBUG] [cpw.mods.modlauncher.TransformStore/MODLAUNCHER]: Adding transformer net.neoforged.neoforge.coremods.MethodRedirector@35c09b94 to Target : cpw.mods.modlauncher.api.TargetType@1b45c0e {Lnet/minecraft/world/entity/animal/frog/Tadpole;} {} {V}
[16May2026 02:38:39.699] [main/DEBUG] [cpw.mods.modlauncher.TransformStore/MODLAUNCHER]: Adding transformer net.neoforged.neoforge.coremods.MethodRedirector@35c09b94 to Target : cpw.mods.modlauncher.api.TargetType@1b45c0e {Lnet/minecraft/world/level/levelgen/structure/structures/OceanMonumentPieces$OceanMonumentPiece;} {} {V}
[16May2026 02:38:39.699] [main/DEBUG] [cpw.mods.modlauncher.TransformStore/MODLAUNCHER]: Adding transformer net.neoforged.neoforge.coremods.MethodRedirector@35c09b94 to Target : cpw.mods.modlauncher.api.TargetType@1b45c0e {Lnet/minecraft/world/entity/raid/Raid;} {} {V}
[16May2026 02:38:39.699] [main/DEBUG] [cpw.mods.modlauncher.TransformStore/MODLAUNCHER]: Adding transformer net.neoforged.neoforge.coremods.MethodRedirector@35c09b94 to Target : cpw.mods.modlauncher.api.TargetType@1b45c0e {Lnet/minecraft/world/level/levelgen/structure/structures/SwampHutPiece;} {} {V}
[16May2026 02:38:39.700] [main/DEBUG] [cpw.mods.modlauncher.TransformStore/MODLAUNCHER]: Adding transformer net.neoforged.neoforge.coremods.MethodRedirector@35c09b94 to Target : cpw.mods.modlauncher.api.TargetType@1b45c0e {Lnet/minecraft/world/level/levelgen/structure/structures/OceanRuinPieces$OceanRuinPiece;} {} {V}
[16May2026 02:38:39.700] [main/DEBUG] [cpw.mods.modlauncher.TransformStore/MODLAUNCHER]: Adding transformer net.neoforged.neoforge.coremods.MethodRedirector@35c09b94 to Target : cpw.mods.modlauncher.api.TargetType@1b45c0e {Lnet/minecraft/world/entity/EntityType;} {} {V}
[16May2026 02:38:39.700] [main/DEBUG] [cpw.mods.modlauncher.TransformStore/MODLAUNCHER]: Adding transformer net.neoforged.neoforge.coremods.MethodRedirector@35c09b94 to Target : cpw.mods.modlauncher.api.TargetType@1b45c0e {Lnet/minecraft/world/level/levelgen/PatrolSpawner;} {} {V}
[16May2026 02:38:39.700] [main/DEBUG] [cpw.mods.modlauncher.TransformStore/MODLAUNCHER]: Adding transformer net.neoforged.neoforge.coremods.MethodRedirector@35c09b94 to Target : cpw.mods.modlauncher.api.TargetType@1b45c0e {Lnet/minecraft/server/commands/RaidCommand;} {} {V}
[16May2026 02:38:39.703] [main/DEBUG] [cpw.mods.modlauncher.TransformStore/MODLAUNCHER]: Adding transformer net.neoforged.neoforge.coremods.MethodRedirector@35c09b94 to Target : cpw.mods.modlauncher.api.TargetType@1b45c0e {Lnet/minecraft/world/entity/animal/horse/SkeletonTrapGoal;} {} {V}
[16May2026 02:38:39.703] [main/DEBUG] [cpw.mods.modlauncher.TransformStore/MODLAUNCHER]: Adding transformer net.neoforged.neoforge.coremods.MethodRedirector@35c09b94 to Target : cpw.mods.modlauncher.api.TargetType@1b45c0e {Lnet/minecraft/world/level/levelgen/structure/templatesystem/StructureTemplate;} {} {V}
[16May2026 02:38:39.703] [main/DEBUG] [cpw.mods.modlauncher.TransformStore/MODLAUNCHER]: Adding transformer net.neoforged.neoforge.coremods.MethodRedirector@35c09b94 to Target : cpw.mods.modlauncher.api.TargetType@1b45c0e {Lnet/minecraft/world/entity/monster/Strider;} {} {V}
[16May2026 02:38:39.703] [main/DEBUG] [cpw.mods.modlauncher.TransformStore/MODLAUNCHER]: Adding transformer net.neoforged.neoforge.coremods.MethodRedirector@35c09b94 to Target : cpw.mods.modlauncher.api.TargetType@1b45c0e {Lnet/minecraft/world/entity/ai/village/VillageSiege;} {} {V}
[16May2026 02:38:39.703] [main/DEBUG] [cpw.mods.modlauncher.TransformStore/MODLAUNCHER]: Adding transformer net.neoforged.neoforge.coremods.MethodRedirector@35c09b94 to Target : cpw.mods.modlauncher.api.TargetType@1b45c0e {Lnet/minecraft/world/entity/monster/Evoker$EvokerSummonSpellGoal;} {} {V}
[16May2026 02:38:39.703] [main/DEBUG] [cpw.mods.modlauncher.TransformationServiceDecorator/MODLAUNCHER]: Initialized transformers for transformation service fml
[16May2026 02:38:40.078] [main/DEBUG] [mixin/]: Processing prepare() for PlatformAgent[MixinPlatformAgentDefault:ModLauncher Root Container(ModLauncher:4f56a0a2)]
[16May2026 02:38:40.083] [main/DEBUG] [mixin/]: Processing prepare() for PlatformAgent[MixinPlatformAgentDefault:net.neoforged.fml.loading.mixin.FMLMixinContainerHandle@14bae047]
[16May2026 02:38:40.083] [main/DEBUG] [mixin/]: Processing prepare() for PlatformAgent[FMLMixinPlatformAgent:null]
[16May2026 02:38:40.222] [main/DEBUG] [mixin/]: Processing launch tasks for PlatformAgent[MixinPlatformAgentDefault:ModLauncher Root Container(ModLauncher:4f56a0a2)]
[16May2026 02:38:40.223] [main/DEBUG] [mixin/]: Adding mixin platform agents for container SecureJarResource(mixin_synthetic)
[16May2026 02:38:40.224] [main/DEBUG] [mixin/]: Instancing new MixinPlatformAgentMinecraftForge for SecureJarResource(mixin_synthetic)
[16May2026 02:38:40.224] [main/DEBUG] [mixin/]: MixinPlatformAgentMinecraftForge rejected container SecureJarResource(mixin_synthetic)
[16May2026 02:38:40.225] [main/DEBUG] [mixin/]: Instancing new MixinPlatformAgentDefault for SecureJarResource(mixin_synthetic)
[16May2026 02:38:40.227] [main/DEBUG] [mixin/]: MixinPlatformAgentDefault accepted container SecureJarResource(mixin_synthetic)
[16May2026 02:38:40.227] [main/DEBUG] [mixin/]: Instancing new FMLMixinPlatformAgent for SecureJarResource(mixin_synthetic)
[16May2026 02:38:40.227] [main/DEBUG] [mixin/]: FMLMixinPlatformAgent rejected container SecureJarResource(mixin_synthetic)
[16May2026 02:38:40.227] [main/DEBUG] [mixin/]: Processing prepare() for PlatformAgent[MixinPlatformAgentDefault:SecureJarResource(mixin_synthetic)]
[16May2026 02:38:40.228] [main/DEBUG] [mixin/]: Adding mixin platform agents for container SecureJarResource(minecraft)
[16May2026 02:38:40.230] [main/DEBUG] [mixin/]: Instancing new MixinPlatformAgentMinecraftForge for SecureJarResource(minecraft)
[16May2026 02:38:40.230] [main/DEBUG] [mixin/]: MixinPlatformAgentMinecraftForge rejected container SecureJarResource(minecraft)
[16May2026 02:38:40.230] [main/DEBUG] [mixin/]: Instancing new MixinPlatformAgentDefault for SecureJarResource(minecraft)
[16May2026 02:38:40.231] [main/DEBUG] [mixin/]: MixinPlatformAgentDefault accepted container SecureJarResource(minecraft)
[16May2026 02:38:40.231] [main/DEBUG] [mixin/]: Instancing new FMLMixinPlatformAgent for SecureJarResource(minecraft)
[16May2026 02:38:40.231] [main/DEBUG] [mixin/]: FMLMixinPlatformAgent rejected container SecureJarResource(minecraft)
[16May2026 02:38:40.231] [main/DEBUG] [mixin/]: Processing prepare() for PlatformAgent[MixinPlatformAgentDefault:SecureJarResource(minecraft)]
[16May2026 02:38:40.231] [main/DEBUG] [mixin/]: Adding mixin platform agents for container SecureJarResource(neoforge)
[16May2026 02:38:40.232] [main/DEBUG] [mixin/]: Instancing new MixinPlatformAgentMinecraftForge for SecureJarResource(neoforge)
[16May2026 02:38:40.232] [main/DEBUG] [mixin/]: MixinPlatformAgentMinecraftForge rejected container SecureJarResource(neoforge)
[16May2026 02:38:40.233] [main/DEBUG] [mixin/]: Instancing new MixinPlatformAgentDefault for SecureJarResource(neoforge)
[16May2026 02:38:40.233] [main/DEBUG] [mixin/]: MixinPlatformAgentDefault accepted container SecureJarResource(neoforge)
[16May2026 02:38:40.233] [main/DEBUG] [mixin/]: Instancing new FMLMixinPlatformAgent for SecureJarResource(neoforge)
[16May2026 02:38:40.234] [main/DEBUG] [mixin/]: FMLMixinPlatformAgent rejected container SecureJarResource(neoforge)
[16May2026 02:38:40.234] [main/DEBUG] [mixin/]: Processing prepare() for PlatformAgent[MixinPlatformAgentDefault:SecureJarResource(neoforge)]
[16May2026 02:38:40.234] [main/DEBUG] [mixin/]: Adding mixin platform agents for container SecureJarResource(mixinextras.neoforge)
[16May2026 02:38:40.234] [main/DEBUG] [mixin/]: Instancing new MixinPlatformAgentMinecraftForge for SecureJarResource(mixinextras.neoforge)
[16May2026 02:38:40.236] [main/DEBUG] [mixin/]: MixinPlatformAgentMinecraftForge rejected container SecureJarResource(mixinextras.neoforge)
[16May2026 02:38:40.236] [main/DEBUG] [mixin/]: Instancing new MixinPlatformAgentDefault for SecureJarResource(mixinextras.neoforge)
[16May2026 02:38:40.236] [main/DEBUG] [mixin/]: MixinPlatformAgentDefault accepted container SecureJarResource(mixinextras.neoforge)
[16May2026 02:38:40.236] [main/DEBUG] [mixin/]: Instancing new FMLMixinPlatformAgent for SecureJarResource(mixinextras.neoforge)
[16May2026 02:38:40.236] [main/DEBUG] [mixin/]: FMLMixinPlatformAgent rejected container SecureJarResource(mixinextras.neoforge)
[16May2026 02:38:40.236] [main/DEBUG] [mixin/]: Processing prepare() for PlatformAgent[MixinPlatformAgentDefault:SecureJarResource(mixinextras.neoforge)]
[16May2026 02:38:40.237] [main/DEBUG] [mixin/]: Registering mixin config: mixinextras.init.mixins.json source=SecureJarResource(mixinextras.neoforge)
[16May2026 02:38:40.240] [main/DEBUG] [mixin/]: inject() running with 6 agents
[16May2026 02:38:40.241] [main/DEBUG] [mixin/]: Processing inject() for PlatformAgent[MixinPlatformAgentDefault:ModLauncher Root Container(ModLauncher:4f56a0a2)]
[16May2026 02:38:40.241] [main/DEBUG] [mixin/]: Processing inject() for PlatformAgent[MixinPlatformAgentDefault:net.neoforged.fml.loading.mixin.FMLMixinContainerHandle@14bae047]
[16May2026 02:38:40.241] [main/DEBUG] [mixin/]: Processing inject() for PlatformAgent[FMLMixinPlatformAgent:null]
[16May2026 02:38:40.242] [main/DEBUG] [mixin/]: Processing inject() for PlatformAgent[MixinPlatformAgentDefault:SecureJarResource(mixin_synthetic)]
[16May2026 02:38:40.243] [main/DEBUG] [mixin/]: Processing inject() for PlatformAgent[MixinPlatformAgentDefault:SecureJarResource(minecraft)]
[16May2026 02:38:40.243] [main/DEBUG] [mixin/]: Processing inject() for PlatformAgent[MixinPlatformAgentDefault:SecureJarResource(neoforge)]
[16May2026 02:38:40.243] [main/DEBUG] [mixin/]: Processing inject() for PlatformAgent[MixinPlatformAgentDefault:SecureJarResource(mixinextras.neoforge)]
[16May2026 02:38:40.243] [main/INFO] [cpw.mods.modlauncher.LaunchServiceHandler/MODLAUNCHER]: Launching target 'forgeserver' with arguments []
[16May2026 02:38:40.352] [main/DEBUG] [mixin/]: Preparing mixins for MixinEnvironment[DEFAULT]
[16May2026 02:38:40.355] [main/DEBUG] [mixin/]: Selecting config neoforge.mixins.json
[16May2026 02:38:40.363] [main/DEBUG] [mixin/]: Selecting config mixinextras.init.mixins.json
[16May2026 02:38:40.484] [main/DEBUG] [MixinExtras|Service/]: com.llamalad7.mixinextras.service.MixinExtrasServiceImpl(version=0.5.3) is taking over from null
[16May2026 02:38:40.545] [main/DEBUG] [mixin/]: Registering new injector for @Inject with org.spongepowered.asm.mixin.injection.struct.CallbackInjectionInfo
[16May2026 02:38:40.547] [main/DEBUG] [mixin/]: Registering new injector for @ModifyArg with org.spongepowered.asm.mixin.injection.struct.ModifyArgInjectionInfo
[16May2026 02:38:40.550] [main/DEBUG] [mixin/]: Registering new injector for @ModifyArgs with org.spongepowered.asm.mixin.injection.struct.ModifyArgsInjectionInfo
[16May2026 02:38:40.551] [main/DEBUG] [mixin/]: Registering new injector for @Redirect with org.spongepowered.asm.mixin.injection.struct.RedirectInjectionInfo
[16May2026 02:38:40.554] [main/DEBUG] [mixin/]: Registering new injector for @ModifyVariable with org.spongepowered.asm.mixin.injection.struct.ModifyVariableInjectionInfo
[16May2026 02:38:40.556] [main/DEBUG] [mixin/]: Registering new injector for @ModifyConstant with org.spongepowered.asm.mixin.injection.struct.ModifyConstantInjectionInfo
[16May2026 02:38:40.576] [main/DEBUG] [mixin/]: Preparing neoforge.mixins.json (2)
[16May2026 02:38:40.608] [main/DEBUG] [net.neoforged.accesstransformer.AccessTransformer/AXFORM]: Transforming net.minecraft.world.level.block.entity.BlockEntityType INNERCLASS BlockEntitySupplier to access PUBLIC and LEAVE
[16May2026 02:38:40.646] [main/TRACE] [mixin/]: Added class metadata for net/minecraft/world/level/block/entity/BlockEntityType to metadata cache
[16May2026 02:38:40.656] [main/TRACE] [mixin/]: Added class metadata for net/minecraft/core/MappedRegistry to metadata cache
[16May2026 02:38:40.659] [main/DEBUG] [mixin/]: Preparing mixinextras.init.mixins.json (0)
[16May2026 02:38:40.667] [main/DEBUG] [mixin/]: Prepared 2 mixins in 0.311 sec (155.5ms avg) (0ms load, 0ms transform, 0ms plugin)
[16May2026 02:38:41.263] [main/DEBUG] [io.netty.util.internal.logging.InternalLoggerFactory/]: Using SLF4J as the default logging framework
[16May2026 02:38:41.270] [main/DEBUG] [io.netty.util.ResourceLeakDetector/]: -Dio.netty.leakDetection.level: simple
[16May2026 02:38:41.270] [main/DEBUG] [io.netty.util.ResourceLeakDetector/]: -Dio.netty.leakDetection.targetRecords: 4
[16May2026 02:38:41.528] [main/WARN] [net.minecraft.server.Eula/]: Failed to load eula.txt
[16May2026 02:38:41.568] [main/INFO] [net.minecraft.server.Main/]: You need to agree to the EULA in order to run the server. Go to eula.txt for more info.
