JVM info: Microsoft - 25.0.2 - 25.0.2+10-LTS
java.net.preferIPv4Stack=true
Current Time: 16/05/2026 02:35:16
Host: maven.neoforged.net [109.61.91.230, 109.61.91.198, 109.61.91.194]
Host: libraries.minecraft.net [150.171.110.98]
Host: launchermeta.mojang.com [150.171.110.104]
Host: piston-meta.mojang.com [150.171.110.102]
Host: sessionserver.mojang.com [150.171.110.102]
Found java version 25.0.2
Target Directory: .
Following redirect: https://neoforged.net/mirrorlist.json
Considering Minecraft server jar
Downloading library from https://piston-meta.mojang.com/v1/packages/6790a3fe3c3c20aa760d01482716ed4be972bef4/1.21.1.json
	Download completed: Checksum validated.
Downloading library from https://piston-data.mojang.com/v1/objects/59353fb40c36d304f2035d51e7d6e6baa98dc05c/server.jar
	Download completed: Checksum validated.
Downloading libraries
Found 0 additional library directories
Considering library net.neoforged.fancymodloader:earlydisplay:4.0.42
Downloading library from https://maven.neoforged.net/releases/net/neoforged/fancymodloader/earlydisplay/4.0.42/earlydisplay-4.0.42.jar
	Download completed: Checksum validated.
Considering library net.neoforged.fancymodloader:loader:4.0.42
Downloading library from https://maven.neoforged.net/releases/net/neoforged/fancymodloader/loader/4.0.42/loader-4.0.42.jar
	Download completed: Checksum validated.
Considering library net.neoforged.accesstransformers:at-modlauncher:10.0.1
Downloading library from https://maven.neoforged.net/releases/net/neoforged/accesstransformers/at-modlauncher/10.0.1/at-modlauncher-10.0.1.jar
	Download completed: Checksum validated.
Considering library net.neoforged:accesstransformers:10.0.1
Downloading library from https://maven.neoforged.net/releases/net/neoforged/accesstransformers/10.0.1/accesstransformers-10.0.1.jar
	Download completed: Checksum validated.
Considering library net.neoforged:bus:8.0.5
Downloading library from https://maven.neoforged.net/releases/net/neoforged/bus/8.0.5/bus-8.0.5.jar
	Download completed: Checksum validated.
Considering library net.neoforged:coremods:7.0.3
Downloading library from https://maven.neoforged.net/releases/net/neoforged/coremods/7.0.3/coremods-7.0.3.jar
	Download completed: Checksum validated.
Considering library cpw.mods:modlauncher:11.0.5
Downloading library from https://maven.neoforged.net/releases/cpw/mods/modlauncher/11.0.5/modlauncher-11.0.5.jar
	Download completed: Checksum validated.
Considering library net.neoforged:mergetool:2.0.0:api
Downloading library from https://maven.neoforged.net/releases/net/neoforged/mergetool/2.0.0/mergetool-2.0.0-api.jar
	Download completed: Checksum validated.
Considering library com.electronwill.night-config:toml:3.8.3
Downloading library from https://maven.neoforged.net/releases/com/electronwill/night-config/toml/3.8.3/toml-3.8.3.jar
	Download completed: Checksum validated.
Considering library com.electronwill.night-config:core:3.8.3
Downloading library from https://maven.neoforged.net/releases/com/electronwill/night-config/core/3.8.3/core-3.8.3.jar
	Download completed: Checksum validated.
Considering library net.neoforged:JarJarSelector:0.4.1
Downloading library from https://maven.neoforged.net/releases/net/neoforged/JarJarSelector/0.4.1/JarJarSelector-0.4.1.jar
	Download completed: Checksum validated.
Considering library net.neoforged:JarJarMetadata:0.4.1
Downloading library from https://maven.neoforged.net/releases/net/neoforged/JarJarMetadata/0.4.1/JarJarMetadata-0.4.1.jar
	Download completed: Checksum validated.
Considering library org.apache.maven:maven-artifact:3.8.5
Downloading library from https://maven.neoforged.net/releases/org/apache/maven/maven-artifact/3.8.5/maven-artifact-3.8.5.jar
	Download completed: Checksum validated.
Considering library net.jodah:typetools:0.6.3
Downloading library from https://maven.neoforged.net/releases/net/jodah/typetools/0.6.3/typetools-0.6.3.jar
	Download completed: Checksum validated.
Considering library net.minecrell:terminalconsoleappender:1.3.0
Downloading library from https://maven.neoforged.net/releases/net/minecrell/terminalconsoleappender/1.3.0/terminalconsoleappender-1.3.0.jar
	Download completed: Checksum validated.
Considering library net.fabricmc:sponge-mixin:0.15.2+mixin.0.8.7
Downloading library from https://maven.neoforged.net/releases/net/fabricmc/sponge-mixin/0.15.2+mixin.0.8.7/sponge-mixin-0.15.2+mixin.0.8.7.jar
	Download completed: Checksum validated.
Considering library org.openjdk.nashorn:nashorn-core:15.4
Downloading library from https://maven.neoforged.net/releases/org/openjdk/nashorn/nashorn-core/15.4/nashorn-core-15.4.jar
	Download completed: Checksum validated.
Considering library org.apache.commons:commons-lang3:3.14.0
Downloading library from https://libraries.minecraft.net/org/apache/commons/commons-lang3/3.14.0/commons-lang3-3.14.0.jar
	Download completed: Checksum validated.
Considering library cpw.mods:bootstraplauncher:2.0.2
Downloading library from https://maven.neoforged.net/releases/cpw/mods/bootstraplauncher/2.0.2/bootstraplauncher-2.0.2.jar
	Download completed: Checksum validated.
Considering library cpw.mods:securejarhandler:3.0.8
Downloading library from https://maven.neoforged.net/releases/cpw/mods/securejarhandler/3.0.8/securejarhandler-3.0.8.jar
	Download completed: Checksum validated.
Considering library org.ow2.asm:asm-commons:9.8
Downloading library from https://maven.neoforged.net/releases/org/ow2/asm/asm-commons/9.8/asm-commons-9.8.jar
	Download completed: Checksum validated.
Considering library org.ow2.asm:asm-util:9.8
Downloading library from https://maven.neoforged.net/releases/org/ow2/asm/asm-util/9.8/asm-util-9.8.jar
	Download completed: Checksum validated.
Considering library org.ow2.asm:asm-analysis:9.8
Downloading library from https://maven.neoforged.net/releases/org/ow2/asm/asm-analysis/9.8/asm-analysis-9.8.jar
	Download completed: Checksum validated.
Considering library org.ow2.asm:asm-tree:9.8
Downloading library from https://maven.neoforged.net/releases/org/ow2/asm/asm-tree/9.8/asm-tree-9.8.jar
	Download completed: Checksum validated.
Considering library org.ow2.asm:asm:9.8
Downloading library from https://maven.neoforged.net/releases/org/ow2/asm/asm/9.8/asm-9.8.jar
	Download completed: Checksum validated.
Considering library net.neoforged:JarJarFileSystems:0.4.1
Downloading library from https://maven.neoforged.net/releases/net/neoforged/JarJarFileSystems/0.4.1/JarJarFileSystems-0.4.1.jar
	Download completed: Checksum validated.
Considering library net.sf.jopt-simple:jopt-simple:5.0.4
Downloading library from https://libraries.minecraft.net/net/sf/jopt-simple/jopt-simple/5.0.4/jopt-simple-5.0.4.jar
	Download completed: Checksum validated.
Considering library org.slf4j:slf4j-api:2.0.9
Downloading library from https://libraries.minecraft.net/org/slf4j/slf4j-api/2.0.9/slf4j-api-2.0.9.jar
	Download completed: Checksum validated.
Considering library org.antlr:antlr4-runtime:4.13.1
Downloading library from https://maven.neoforged.net/releases/org/antlr/antlr4-runtime/4.13.1/antlr4-runtime-4.13.1.jar
	Download completed: Checksum validated.
Considering library com.mojang:logging:1.2.7
Downloading library from https://libraries.minecraft.net/com/mojang/logging/1.2.7/logging-1.2.7.jar
	Download completed: Checksum validated.
Considering library org.apache.logging.log4j:log4j-slf4j2-impl:2.22.1
Downloading library from https://libraries.minecraft.net/org/apache/logging/log4j/log4j-slf4j2-impl/2.22.1/log4j-slf4j2-impl-2.22.1.jar
	Download completed: Checksum validated.
Considering library org.apache.logging.log4j:log4j-core:2.22.1
Downloading library from https://libraries.minecraft.net/org/apache/logging/log4j/log4j-core/2.22.1/log4j-core-2.22.1.jar
	Download completed: Checksum validated.
Considering library org.apache.logging.log4j:log4j-api:2.22.1
Downloading library from https://libraries.minecraft.net/org/apache/logging/log4j/log4j-api/2.22.1/log4j-api-2.22.1.jar
	Download completed: Checksum validated.
Considering library org.jline:jline-reader:3.20.0
Downloading library from https://maven.neoforged.net/releases/org/jline/jline-reader/3.20.0/jline-reader-3.20.0.jar
	Download completed: Checksum validated.
Considering library org.jline:jline-terminal:3.20.0
Downloading library from https://maven.neoforged.net/releases/org/jline/jline-terminal/3.20.0/jline-terminal-3.20.0.jar
	Download completed: Checksum validated.
Considering library commons-io:commons-io:2.15.1
Downloading library from https://libraries.minecraft.net/commons-io/commons-io/2.15.1/commons-io-2.15.1.jar
	Download completed: Checksum validated.
Considering library net.minecraftforge:srgutils:0.4.15
Downloading library from https://maven.neoforged.net/releases/net/minecraftforge/srgutils/0.4.15/srgutils-0.4.15.jar
	Download completed: Checksum validated.
Considering library com.google.guava:guava:32.1.2-jre
Downloading library from https://libraries.minecraft.net/com/google/guava/guava/32.1.2-jre/guava-32.1.2-jre.jar
	Download completed: Checksum validated.
Considering library com.google.guava:failureaccess:1.0.1
Downloading library from https://libraries.minecraft.net/com/google/guava/failureaccess/1.0.1/failureaccess-1.0.1.jar
	Download completed: Checksum validated.
Considering library com.google.guava:listenablefuture:9999.0-empty-to-avoid-conflict-with-guava
Downloading library from https://libraries.minecraft.net/com/google/guava/listenablefuture/9999.0-empty-to-avoid-conflict-with-guava/listenablefuture-9999.0-empty-to-avoid-conflict-with-guava.jar
	Download completed: Checksum validated.
Considering library com.google.code.findbugs:jsr305:3.0.2
Downloading library from https://libraries.minecraft.net/com/google/code/findbugs/jsr305/3.0.2/jsr305-3.0.2.jar
	Download completed: Checksum validated.
Considering library org.checkerframework:checker-qual:3.33.0
Downloading library from https://libraries.minecraft.net/org/checkerframework/checker-qual/3.33.0/checker-qual-3.33.0.jar
	Download completed: Checksum validated.
Considering library com.google.errorprone:error_prone_annotations:2.18.0
Downloading library from https://libraries.minecraft.net/com/google/errorprone/error_prone_annotations/2.18.0/error_prone_annotations-2.18.0.jar
	Download completed: Checksum validated.
Considering library com.google.j2objc:j2objc-annotations:2.8
Downloading library from https://libraries.minecraft.net/com/google/j2objc/j2objc-annotations/2.8/j2objc-annotations-2.8.jar
	Download completed: Checksum validated.
Considering library com.google.code.gson:gson:2.10.1
Downloading library from https://libraries.minecraft.net/com/google/code/gson/gson/2.10.1/gson-2.10.1.jar
	Download completed: Checksum validated.
Considering library org.codehaus.plexus:plexus-utils:3.3.0
Downloading library from https://maven.neoforged.net/releases/org/codehaus/plexus/plexus-utils/3.3.0/plexus-utils-3.3.0.jar
	Download completed: Checksum validated.
Considering library com.machinezoo.noexception:noexception:1.7.1
Downloading library from https://maven.neoforged.net/releases/com/machinezoo/noexception/noexception/1.7.1/noexception-1.7.1.jar
	Download completed: Checksum validated.
Considering library net.neoforged.fancymodloader:earlydisplay:4.0.42
File ./libraries/net/neoforged/fancymodloader/earlydisplay/4.0.42/earlydisplay-4.0.42.jar exists. Checksum valid.
Considering library net.neoforged.fancymodloader:loader:4.0.42
File ./libraries/net/neoforged/fancymodloader/loader/4.0.42/loader-4.0.42.jar exists. Checksum valid.
Considering library net.neoforged.accesstransformers:at-modlauncher:10.0.1
File ./libraries/net/neoforged/accesstransformers/at-modlauncher/10.0.1/at-modlauncher-10.0.1.jar exists. Checksum valid.
Considering library net.neoforged:accesstransformers:10.0.1
File ./libraries/net/neoforged/accesstransformers/10.0.1/accesstransformers-10.0.1.jar exists. Checksum valid.
Considering library net.neoforged:bus:8.0.5
File ./libraries/net/neoforged/bus/8.0.5/bus-8.0.5.jar exists. Checksum valid.
Considering library net.neoforged:coremods:7.0.3
File ./libraries/net/neoforged/coremods/7.0.3/coremods-7.0.3.jar exists. Checksum valid.
Considering library cpw.mods:modlauncher:11.0.5
File ./libraries/cpw/mods/modlauncher/11.0.5/modlauncher-11.0.5.jar exists. Checksum valid.
Considering library net.neoforged:mergetool:2.0.0:api
File ./libraries/net/neoforged/mergetool/2.0.0/mergetool-2.0.0-api.jar exists. Checksum valid.
Considering library com.electronwill.night-config:toml:3.8.3
File ./libraries/com/electronwill/night-config/toml/3.8.3/toml-3.8.3.jar exists. Checksum valid.
Considering library com.electronwill.night-config:core:3.8.3
File ./libraries/com/electronwill/night-config/core/3.8.3/core-3.8.3.jar exists. Checksum valid.
Considering library net.neoforged:JarJarSelector:0.4.1
File ./libraries/net/neoforged/JarJarSelector/0.4.1/JarJarSelector-0.4.1.jar exists. Checksum valid.
Considering library net.neoforged:JarJarMetadata:0.4.1
File ./libraries/net/neoforged/JarJarMetadata/0.4.1/JarJarMetadata-0.4.1.jar exists. Checksum valid.
Considering library org.apache.maven:maven-artifact:3.8.5
File ./libraries/org/apache/maven/maven-artifact/3.8.5/maven-artifact-3.8.5.jar exists. Checksum valid.
Considering library net.jodah:typetools:0.6.3
File ./libraries/net/jodah/typetools/0.6.3/typetools-0.6.3.jar exists. Checksum valid.
Considering library net.minecrell:terminalconsoleappender:1.3.0
File ./libraries/net/minecrell/terminalconsoleappender/1.3.0/terminalconsoleappender-1.3.0.jar exists. Checksum valid.
Considering library net.fabricmc:sponge-mixin:0.15.2+mixin.0.8.7
File ./libraries/net/fabricmc/sponge-mixin/0.15.2+mixin.0.8.7/sponge-mixin-0.15.2+mixin.0.8.7.jar exists. Checksum valid.
Considering library org.openjdk.nashorn:nashorn-core:15.4
File ./libraries/org/openjdk/nashorn/nashorn-core/15.4/nashorn-core-15.4.jar exists. Checksum valid.
Considering library org.apache.commons:commons-lang3:3.14.0
File ./libraries/org/apache/commons/commons-lang3/3.14.0/commons-lang3-3.14.0.jar exists. Checksum valid.
Considering library cpw.mods:bootstraplauncher:2.0.2
File ./libraries/cpw/mods/bootstraplauncher/2.0.2/bootstraplauncher-2.0.2.jar exists. Checksum valid.
Considering library cpw.mods:securejarhandler:3.0.8
File ./libraries/cpw/mods/securejarhandler/3.0.8/securejarhandler-3.0.8.jar exists. Checksum valid.
Considering library org.ow2.asm:asm-commons:9.8
File ./libraries/org/ow2/asm/asm-commons/9.8/asm-commons-9.8.jar exists. Checksum valid.
Considering library org.ow2.asm:asm-util:9.8
File ./libraries/org/ow2/asm/asm-util/9.8/asm-util-9.8.jar exists. Checksum valid.
Considering library org.ow2.asm:asm-analysis:9.8
File ./libraries/org/ow2/asm/asm-analysis/9.8/asm-analysis-9.8.jar exists. Checksum valid.
Considering library org.ow2.asm:asm-tree:9.8
File ./libraries/org/ow2/asm/asm-tree/9.8/asm-tree-9.8.jar exists. Checksum valid.
Considering library org.ow2.asm:asm:9.8
File ./libraries/org/ow2/asm/asm/9.8/asm-9.8.jar exists. Checksum valid.
Considering library net.neoforged:JarJarFileSystems:0.4.1
File ./libraries/net/neoforged/JarJarFileSystems/0.4.1/JarJarFileSystems-0.4.1.jar exists. Checksum valid.
Considering library net.sf.jopt-simple:jopt-simple:5.0.4
File ./libraries/net/sf/jopt-simple/jopt-simple/5.0.4/jopt-simple-5.0.4.jar exists. Checksum valid.
Considering library org.slf4j:slf4j-api:2.0.9
File ./libraries/org/slf4j/slf4j-api/2.0.9/slf4j-api-2.0.9.jar exists. Checksum valid.
Considering library org.antlr:antlr4-runtime:4.13.1
File ./libraries/org/antlr/antlr4-runtime/4.13.1/antlr4-runtime-4.13.1.jar exists. Checksum valid.
Considering library com.mojang:logging:1.2.7
File ./libraries/com/mojang/logging/1.2.7/logging-1.2.7.jar exists. Checksum valid.
Considering library org.apache.logging.log4j:log4j-slf4j2-impl:2.22.1
File ./libraries/org/apache/logging/log4j/log4j-slf4j2-impl/2.22.1/log4j-slf4j2-impl-2.22.1.jar exists. Checksum valid.
Considering library org.apache.logging.log4j:log4j-core:2.22.1
File ./libraries/org/apache/logging/log4j/log4j-core/2.22.1/log4j-core-2.22.1.jar exists. Checksum valid.
Considering library org.apache.logging.log4j:log4j-api:2.22.1
File ./libraries/org/apache/logging/log4j/log4j-api/2.22.1/log4j-api-2.22.1.jar exists. Checksum valid.
Considering library org.jline:jline-reader:3.20.0
File ./libraries/org/jline/jline-reader/3.20.0/jline-reader-3.20.0.jar exists. Checksum valid.
Considering library org.jline:jline-terminal:3.20.0
File ./libraries/org/jline/jline-terminal/3.20.0/jline-terminal-3.20.0.jar exists. Checksum valid.
Considering library commons-io:commons-io:2.15.1
File ./libraries/commons-io/commons-io/2.15.1/commons-io-2.15.1.jar exists. Checksum valid.
Considering library net.minecraftforge:srgutils:0.4.15
File ./libraries/net/minecraftforge/srgutils/0.4.15/srgutils-0.4.15.jar exists. Checksum valid.
Considering library com.google.guava:guava:32.1.2-jre
File ./libraries/com/google/guava/guava/32.1.2-jre/guava-32.1.2-jre.jar exists. Checksum valid.
Considering library com.google.guava:failureaccess:1.0.1
File ./libraries/com/google/guava/failureaccess/1.0.1/failureaccess-1.0.1.jar exists. Checksum valid.
Considering library com.google.guava:listenablefuture:9999.0-empty-to-avoid-conflict-with-guava
File ./libraries/com/google/guava/listenablefuture/9999.0-empty-to-avoid-conflict-with-guava/listenablefuture-9999.0-empty-to-avoid-conflict-with-guava.jar exists. Checksum valid.
Considering library com.google.code.findbugs:jsr305:3.0.2
File ./libraries/com/google/code/findbugs/jsr305/3.0.2/jsr305-3.0.2.jar exists. Checksum valid.
Considering library org.checkerframework:checker-qual:3.33.0
File ./libraries/org/checkerframework/checker-qual/3.33.0/checker-qual-3.33.0.jar exists. Checksum valid.
Considering library com.google.errorprone:error_prone_annotations:2.18.0
File ./libraries/com/google/errorprone/error_prone_annotations/2.18.0/error_prone_annotations-2.18.0.jar exists. Checksum valid.
Considering library com.google.j2objc:j2objc-annotations:2.8
File ./libraries/com/google/j2objc/j2objc-annotations/2.8/j2objc-annotations-2.8.jar exists. Checksum valid.
Considering library com.google.code.gson:gson:2.10.1
File ./libraries/com/google/code/gson/gson/2.10.1/gson-2.10.1.jar exists. Checksum valid.
Considering library org.codehaus.plexus:plexus-utils:3.3.0
File ./libraries/org/codehaus/plexus/plexus-utils/3.3.0/plexus-utils-3.3.0.jar exists. Checksum valid.
Considering library com.machinezoo.noexception:noexception:1.7.1
File ./libraries/com/machinezoo/noexception/noexception/1.7.1/noexception-1.7.1.jar exists. Checksum valid.
Considering library net.neoforged:neoform:1.21.1-20240808.144430@zip
Downloading library from https://maven.neoforged.net/releases/net/neoforged/neoform/1.21.1-20240808.144430/neoform-1.21.1-20240808.144430.zip
	Download completed: Checksum validated.
Considering library net.neoforged.installertools:binarypatcher:2.1.2:fatjar
Downloading library from https://maven.neoforged.net/releases/net/neoforged/installertools/binarypatcher/2.1.2/binarypatcher-2.1.2-fatjar.jar
	Download completed: Checksum validated.
Considering library net.neoforged:AutoRenamingTool:2.0.3:all
Downloading library from https://maven.neoforged.net/releases/net/neoforged/AutoRenamingTool/2.0.3/AutoRenamingTool-2.0.3-all.jar
	Download completed: Checksum validated.
Considering library net.neoforged.installertools:installertools:2.1.2
Downloading library from https://maven.neoforged.net/releases/net/neoforged/installertools/installertools/2.1.2/installertools-2.1.2.jar
	Download completed: Checksum validated.
Considering library net.neoforged:srgutils:1.0.0
Downloading library from https://maven.neoforged.net/releases/net/neoforged/srgutils/1.0.0/srgutils-1.0.0.jar
	Download completed: Checksum validated.
Considering library net.md-5:SpecialSource:1.11.0
Downloading library from https://maven.neoforged.net/releases/net/md-5/SpecialSource/1.11.0/SpecialSource-1.11.0.jar
	Download completed: Checksum validated.
Considering library com.google.code.gson:gson:2.8.9
Downloading library from https://libraries.minecraft.net/com/google/code/gson/gson/2.8.9/gson-2.8.9.jar
	Download completed: Checksum validated.
Considering library de.siegmar:fastcsv:2.0.0
Downloading library from https://maven.neoforged.net/releases/de/siegmar/fastcsv/2.0.0/fastcsv-2.0.0.jar
	Download completed: Checksum validated.
Considering library org.ow2.asm:asm-commons:9.3
Downloading library from https://maven.neoforged.net/releases/org/ow2/asm/asm-commons/9.3/asm-commons-9.3.jar
	Download completed: Checksum validated.
Considering library net.neoforged.installertools:cli-utils:2.1.2
Downloading library from https://maven.neoforged.net/releases/net/neoforged/installertools/cli-utils/2.1.2/cli-utils-2.1.2.jar
	Download completed: Checksum validated.
Considering library com.google.guava:guava:20.0
Downloading library from https://maven.neoforged.net/releases/com/google/guava/guava/20.0/guava-20.0.jar
	Download completed: Checksum validated.
Considering library com.opencsv:opencsv:4.4
Downloading library from https://maven.neoforged.net/releases/com/opencsv/opencsv/4.4/opencsv-4.4.jar
	Download completed: Checksum validated.
Considering library org.ow2.asm:asm-analysis:9.3
Downloading library from https://maven.neoforged.net/releases/org/ow2/asm/asm-analysis/9.3/asm-analysis-9.3.jar
	Download completed: Checksum validated.
Considering library org.ow2.asm:asm-tree:9.3
Downloading library from https://maven.neoforged.net/releases/org/ow2/asm/asm-tree/9.3/asm-tree-9.3.jar
	Download completed: Checksum validated.
Considering library org.ow2.asm:asm:9.3
Downloading library from https://libraries.minecraft.net/org/ow2/asm/asm/9.3/asm-9.3.jar
	Download completed: Checksum validated.
Considering library org.apache.commons:commons-text:1.3
Downloading library from https://maven.neoforged.net/releases/org/apache/commons/commons-text/1.3/commons-text-1.3.jar
	Download completed: Checksum validated.
Considering library org.apache.commons:commons-lang3:3.8.1
Downloading library from https://maven.neoforged.net/releases/org/apache/commons/commons-lang3/3.8.1/commons-lang3-3.8.1.jar
	Download completed: Checksum validated.
Considering library commons-beanutils:commons-beanutils:1.9.3
Downloading library from https://maven.neoforged.net/releases/commons-beanutils/commons-beanutils/1.9.3/commons-beanutils-1.9.3.jar
	Download completed: Checksum validated.
Considering library org.apache.commons:commons-collections4:4.2
Downloading library from https://maven.neoforged.net/releases/org/apache/commons/commons-collections4/4.2/commons-collections4-4.2.jar
	Download completed: Checksum validated.
Considering library commons-logging:commons-logging:1.2
Downloading library from https://libraries.minecraft.net/commons-logging/commons-logging/1.2/commons-logging-1.2.jar
	Download completed: Checksum validated.
Considering library commons-collections:commons-collections:3.2.2
Downloading library from https://maven.neoforged.net/releases/commons-collections/commons-collections/3.2.2/commons-collections-3.2.2.jar
	Download completed: Checksum validated.
Considering library net.neoforged.installertools:jarsplitter:2.1.2
Downloading library from https://maven.neoforged.net/releases/net/neoforged/installertools/jarsplitter/2.1.2/jarsplitter-2.1.2.jar
	Download completed: Checksum validated.
Considering library net.neoforged:neoforge:21.1.230:universal
Downloading library from https://maven.neoforged.net/releases/net/neoforged/neoforge/21.1.230/neoforge-21.1.230-universal.jar
	Download completed: Checksum validated.
Created Temporary Directory: /tmp/neoforge_installer1673172875912977268
  Extracting: /data/server.lzma
Building Processors
===============================================================================
Processor: net.neoforged.installertools:installertools -> EXTRACT_FILES
  MainClass: net.neoforged.installertools.ConsoleTool
  Classpath:
    /workspaces/mc-server/mcserver/./libraries/net/neoforged/installertools/installertools/2.1.2/installertools-2.1.2.jar
    /workspaces/mc-server/mcserver/./libraries/net/neoforged/installertools/installertools/2.1.2/installertools-2.1.2.jar
    /workspaces/mc-server/mcserver/./libraries/net/neoforged/srgutils/1.0.0/srgutils-1.0.0.jar
    /workspaces/mc-server/mcserver/./libraries/net/md-5/SpecialSource/1.11.0/SpecialSource-1.11.0.jar
    /workspaces/mc-server/mcserver/./libraries/net/sf/jopt-simple/jopt-simple/5.0.4/jopt-simple-5.0.4.jar
    /workspaces/mc-server/mcserver/./libraries/com/google/code/gson/gson/2.8.9/gson-2.8.9.jar
    /workspaces/mc-server/mcserver/./libraries/de/siegmar/fastcsv/2.0.0/fastcsv-2.0.0.jar
    /workspaces/mc-server/mcserver/./libraries/org/ow2/asm/asm-commons/9.3/asm-commons-9.3.jar
    /workspaces/mc-server/mcserver/./libraries/net/neoforged/installertools/cli-utils/2.1.2/cli-utils-2.1.2.jar
    /workspaces/mc-server/mcserver/./libraries/com/google/guava/guava/20.0/guava-20.0.jar
    /workspaces/mc-server/mcserver/./libraries/com/opencsv/opencsv/4.4/opencsv-4.4.jar
    /workspaces/mc-server/mcserver/./libraries/org/ow2/asm/asm-analysis/9.3/asm-analysis-9.3.jar
    /workspaces/mc-server/mcserver/./libraries/org/ow2/asm/asm-tree/9.3/asm-tree-9.3.jar
    /workspaces/mc-server/mcserver/./libraries/org/ow2/asm/asm/9.3/asm-9.3.jar
    /workspaces/mc-server/mcserver/./libraries/org/apache/commons/commons-text/1.3/commons-text-1.3.jar
    /workspaces/mc-server/mcserver/./libraries/org/apache/commons/commons-lang3/3.8.1/commons-lang3-3.8.1.jar
    /workspaces/mc-server/mcserver/./libraries/commons-beanutils/commons-beanutils/1.9.3/commons-beanutils-1.9.3.jar
    /workspaces/mc-server/mcserver/./libraries/org/apache/commons/commons-collections4/4.2/commons-collections4-4.2.jar
    /workspaces/mc-server/mcserver/./libraries/commons-logging/commons-logging/1.2/commons-logging-1.2.jar
    /workspaces/mc-server/mcserver/./libraries/commons-collections/commons-collections/3.2.2/commons-collections-3.2.2.jar
  Args: --task, EXTRACT_FILES, --archive, /workspaces/mc-server/mcserver/neoforge-21.1.230-installer.jar, --from, data/run.sh, --to, /workspaces/mc-server/mcserver/./run.sh, --exec, /workspaces/mc-server/mcserver/./run.sh, --from, data/run.bat, --to, /workspaces/mc-server/mcserver/./run.bat, --from, data/user_jvm_args.txt, --to, /workspaces/mc-server/mcserver/./user_jvm_args.txt, --optional, /workspaces/mc-server/mcserver/./user_jvm_args.txt, --from, data/win_args.txt, --to, /workspaces/mc-server/mcserver/./libraries/net/neoforged/neoforge/21.1.230/win_args.txt, --from, data/unix_args.txt, --to, /workspaces/mc-server/mcserver/./libraries/net/neoforged/neoforge/21.1.230/unix_args.txt
Task: EXTRACT_FILES
Archive: /workspaces/mc-server/mcserver/neoforge-21.1.230-installer.jar
Extract: data/run.sh
         /workspaces/mc-server/mcserver/./run.sh
Extract: data/run.bat
         /workspaces/mc-server/mcserver/./run.bat
Extract: data/user_jvm_args.txt
         /workspaces/mc-server/mcserver/./user_jvm_args.txt
Extract: data/win_args.txt
         /workspaces/mc-server/mcserver/./libraries/net/neoforged/neoforge/21.1.230/win_args.txt
Extract: data/unix_args.txt
         /workspaces/mc-server/mcserver/./libraries/net/neoforged/neoforge/21.1.230/unix_args.txt
Exec:    /workspaces/mc-server/mcserver/./run.sh
===============================================================================
Processor: net.neoforged.installertools:installertools -> BUNDLER_EXTRACT
  MainClass: net.neoforged.installertools.ConsoleTool
  Classpath:
    /workspaces/mc-server/mcserver/./libraries/net/neoforged/installertools/installertools/2.1.2/installertools-2.1.2.jar
    /workspaces/mc-server/mcserver/./libraries/net/neoforged/installertools/installertools/2.1.2/installertools-2.1.2.jar
    /workspaces/mc-server/mcserver/./libraries/net/neoforged/srgutils/1.0.0/srgutils-1.0.0.jar
    /workspaces/mc-server/mcserver/./libraries/net/md-5/SpecialSource/1.11.0/SpecialSource-1.11.0.jar
    /workspaces/mc-server/mcserver/./libraries/net/sf/jopt-simple/jopt-simple/5.0.4/jopt-simple-5.0.4.jar
    /workspaces/mc-server/mcserver/./libraries/com/google/code/gson/gson/2.8.9/gson-2.8.9.jar
    /workspaces/mc-server/mcserver/./libraries/de/siegmar/fastcsv/2.0.0/fastcsv-2.0.0.jar
    /workspaces/mc-server/mcserver/./libraries/org/ow2/asm/asm-commons/9.3/asm-commons-9.3.jar
    /workspaces/mc-server/mcserver/./libraries/net/neoforged/installertools/cli-utils/2.1.2/cli-utils-2.1.2.jar
    /workspaces/mc-server/mcserver/./libraries/com/google/guava/guava/20.0/guava-20.0.jar
    /workspaces/mc-server/mcserver/./libraries/com/opencsv/opencsv/4.4/opencsv-4.4.jar
    /workspaces/mc-server/mcserver/./libraries/org/ow2/asm/asm-analysis/9.3/asm-analysis-9.3.jar
    /workspaces/mc-server/mcserver/./libraries/org/ow2/asm/asm-tree/9.3/asm-tree-9.3.jar
    /workspaces/mc-server/mcserver/./libraries/org/ow2/asm/asm/9.3/asm-9.3.jar
    /workspaces/mc-server/mcserver/./libraries/org/apache/commons/commons-text/1.3/commons-text-1.3.jar
    /workspaces/mc-server/mcserver/./libraries/org/apache/commons/commons-lang3/3.8.1/commons-lang3-3.8.1.jar
    /workspaces/mc-server/mcserver/./libraries/commons-beanutils/commons-beanutils/1.9.3/commons-beanutils-1.9.3.jar
    /workspaces/mc-server/mcserver/./libraries/org/apache/commons/commons-collections4/4.2/commons-collections4-4.2.jar
    /workspaces/mc-server/mcserver/./libraries/commons-logging/commons-logging/1.2/commons-logging-1.2.jar
    /workspaces/mc-server/mcserver/./libraries/commons-collections/commons-collections/3.2.2/commons-collections-3.2.2.jar
  Args: --task, BUNDLER_EXTRACT, --input, /workspaces/mc-server/mcserver/./libraries/net/minecraft/server/1.21.1/server-1.21.1.jar, --output, /workspaces/mc-server/mcserver/./libraries/, --libraries
Task: BUNDLER_EXTRACT
Input:   /workspaces/mc-server/mcserver/./libraries/net/minecraft/server/1.21.1/server-1.21.1.jar
Output:  /workspaces/mc-server/mcserver/./libraries
All:     false
JarOnly: false
Libs:    true
Extracted: libraries/com/github/oshi/oshi-core/6.4.10/oshi-core-6.4.10.jar
File already exists, and hash verified
File already exists, and hash verified
File already exists, and hash verified
Extracted: libraries/com/mojang/authlib/6.0.54/authlib-6.0.54.jar
Extracted: libraries/com/mojang/brigadier/1.3.10/brigadier-1.3.10.jar
Extracted: libraries/com/mojang/datafixerupper/8.0.16/datafixerupper-8.0.16.jar
File already exists, and hash verified
File already exists, and hash verified
Extracted: libraries/io/netty/netty-buffer/4.1.97.Final/netty-buffer-4.1.97.Final.jar
Extracted: libraries/io/netty/netty-codec/4.1.97.Final/netty-codec-4.1.97.Final.jar
Extracted: libraries/io/netty/netty-common/4.1.97.Final/netty-common-4.1.97.Final.jar
Extracted: libraries/io/netty/netty-handler/4.1.97.Final/netty-handler-4.1.97.Final.jar
Extracted: libraries/io/netty/netty-resolver/4.1.97.Final/netty-resolver-4.1.97.Final.jar
Extracted: libraries/io/netty/netty-transport/4.1.97.Final/netty-transport-4.1.97.Final.jar
Extracted: libraries/io/netty/netty-transport-classes-epoll/4.1.97.Final/netty-transport-classes-epoll-4.1.97.Final.jar
Extracted: libraries/io/netty/netty-transport-native-epoll/4.1.97.Final/netty-transport-native-epoll-4.1.97.Final-linux-x86_64.jar
Extracted: libraries/io/netty/netty-transport-native-epoll/4.1.97.Final/netty-transport-native-epoll-4.1.97.Final-linux-aarch_64.jar
Extracted: libraries/io/netty/netty-transport-native-unix-common/4.1.97.Final/netty-transport-native-unix-common-4.1.97.Final.jar
Extracted: libraries/it/unimi/dsi/fastutil/8.5.12/fastutil-8.5.12.jar
Extracted: libraries/net/java/dev/jna/jna/5.14.0/jna-5.14.0.jar
Extracted: libraries/net/java/dev/jna/jna-platform/5.14.0/jna-platform-5.14.0.jar
File already exists, and hash verified
File already exists, and hash verified
File already exists, and hash verified
File already exists, and hash verified
File already exists, and hash verified
Extracted: libraries/org/joml/joml/1.10.5/joml-1.10.5.jar
Extracted: libraries/org/lz4/lz4-java/1.8.0/lz4-java-1.8.0.jar
File already exists, and hash verified
===============================================================================
Processor: net.neoforged.installertools:installertools -> BUNDLER_EXTRACT
  MainClass: net.neoforged.installertools.ConsoleTool
  Classpath:
    /workspaces/mc-server/mcserver/./libraries/net/neoforged/installertools/installertools/2.1.2/installertools-2.1.2.jar
    /workspaces/mc-server/mcserver/./libraries/net/neoforged/installertools/installertools/2.1.2/installertools-2.1.2.jar
    /workspaces/mc-server/mcserver/./libraries/net/neoforged/srgutils/1.0.0/srgutils-1.0.0.jar
    /workspaces/mc-server/mcserver/./libraries/net/md-5/SpecialSource/1.11.0/SpecialSource-1.11.0.jar
    /workspaces/mc-server/mcserver/./libraries/net/sf/jopt-simple/jopt-simple/5.0.4/jopt-simple-5.0.4.jar
    /workspaces/mc-server/mcserver/./libraries/com/google/code/gson/gson/2.8.9/gson-2.8.9.jar
    /workspaces/mc-server/mcserver/./libraries/de/siegmar/fastcsv/2.0.0/fastcsv-2.0.0.jar
    /workspaces/mc-server/mcserver/./libraries/org/ow2/asm/asm-commons/9.3/asm-commons-9.3.jar
    /workspaces/mc-server/mcserver/./libraries/net/neoforged/installertools/cli-utils/2.1.2/cli-utils-2.1.2.jar
    /workspaces/mc-server/mcserver/./libraries/com/google/guava/guava/20.0/guava-20.0.jar
    /workspaces/mc-server/mcserver/./libraries/com/opencsv/opencsv/4.4/opencsv-4.4.jar
    /workspaces/mc-server/mcserver/./libraries/org/ow2/asm/asm-analysis/9.3/asm-analysis-9.3.jar
    /workspaces/mc-server/mcserver/./libraries/org/ow2/asm/asm-tree/9.3/asm-tree-9.3.jar
    /workspaces/mc-server/mcserver/./libraries/org/ow2/asm/asm/9.3/asm-9.3.jar
    /workspaces/mc-server/mcserver/./libraries/org/apache/commons/commons-text/1.3/commons-text-1.3.jar
    /workspaces/mc-server/mcserver/./libraries/org/apache/commons/commons-lang3/3.8.1/commons-lang3-3.8.1.jar
    /workspaces/mc-server/mcserver/./libraries/commons-beanutils/commons-beanutils/1.9.3/commons-beanutils-1.9.3.jar
    /workspaces/mc-server/mcserver/./libraries/org/apache/commons/commons-collections4/4.2/commons-collections4-4.2.jar
    /workspaces/mc-server/mcserver/./libraries/commons-logging/commons-logging/1.2/commons-logging-1.2.jar
    /workspaces/mc-server/mcserver/./libraries/commons-collections/commons-collections/3.2.2/commons-collections-3.2.2.jar
  Args: --task, BUNDLER_EXTRACT, --input, /workspaces/mc-server/mcserver/./libraries/net/minecraft/server/1.21.1/server-1.21.1.jar, --output, /workspaces/mc-server/mcserver/./libraries/net/minecraft/server/1.21.1-20240808.144430/server-1.21.1-20240808.144430-unpacked.jar, --jar-only
Task: BUNDLER_EXTRACT
Input:   /workspaces/mc-server/mcserver/./libraries/net/minecraft/server/1.21.1/server-1.21.1.jar
Output:  /workspaces/mc-server/mcserver/./libraries/net/minecraft/server/1.21.1-20240808.144430/server-1.21.1-20240808.144430-unpacked.jar
All:     false
JarOnly: true
Libs:    false
Extracted: versions/1.21.1/server-1.21.1.jar
===============================================================================
Processor: net.neoforged.installertools:installertools -> MCP_DATA
  MainClass: net.neoforged.installertools.ConsoleTool
  Classpath:
    /workspaces/mc-server/mcserver/./libraries/net/neoforged/installertools/installertools/2.1.2/installertools-2.1.2.jar
    /workspaces/mc-server/mcserver/./libraries/net/neoforged/installertools/installertools/2.1.2/installertools-2.1.2.jar
    /workspaces/mc-server/mcserver/./libraries/net/neoforged/srgutils/1.0.0/srgutils-1.0.0.jar
    /workspaces/mc-server/mcserver/./libraries/net/md-5/SpecialSource/1.11.0/SpecialSource-1.11.0.jar
    /workspaces/mc-server/mcserver/./libraries/net/sf/jopt-simple/jopt-simple/5.0.4/jopt-simple-5.0.4.jar
    /workspaces/mc-server/mcserver/./libraries/com/google/code/gson/gson/2.8.9/gson-2.8.9.jar
    /workspaces/mc-server/mcserver/./libraries/de/siegmar/fastcsv/2.0.0/fastcsv-2.0.0.jar
    /workspaces/mc-server/mcserver/./libraries/org/ow2/asm/asm-commons/9.3/asm-commons-9.3.jar
    /workspaces/mc-server/mcserver/./libraries/net/neoforged/installertools/cli-utils/2.1.2/cli-utils-2.1.2.jar
    /workspaces/mc-server/mcserver/./libraries/com/google/guava/guava/20.0/guava-20.0.jar
    /workspaces/mc-server/mcserver/./libraries/com/opencsv/opencsv/4.4/opencsv-4.4.jar
    /workspaces/mc-server/mcserver/./libraries/org/ow2/asm/asm-analysis/9.3/asm-analysis-9.3.jar
    /workspaces/mc-server/mcserver/./libraries/org/ow2/asm/asm-tree/9.3/asm-tree-9.3.jar
    /workspaces/mc-server/mcserver/./libraries/org/ow2/asm/asm/9.3/asm-9.3.jar
    /workspaces/mc-server/mcserver/./libraries/org/apache/commons/commons-text/1.3/commons-text-1.3.jar
    /workspaces/mc-server/mcserver/./libraries/org/apache/commons/commons-lang3/3.8.1/commons-lang3-3.8.1.jar
    /workspaces/mc-server/mcserver/./libraries/commons-beanutils/commons-beanutils/1.9.3/commons-beanutils-1.9.3.jar
    /workspaces/mc-server/mcserver/./libraries/org/apache/commons/commons-collections4/4.2/commons-collections4-4.2.jar
    /workspaces/mc-server/mcserver/./libraries/commons-logging/commons-logging/1.2/commons-logging-1.2.jar
    /workspaces/mc-server/mcserver/./libraries/commons-collections/commons-collections/3.2.2/commons-collections-3.2.2.jar
  Args: --task, MCP_DATA, --input, /workspaces/mc-server/mcserver/./libraries/net/neoforged/neoform/1.21.1-20240808.144430/neoform-1.21.1-20240808.144430.zip, --output, /workspaces/mc-server/mcserver/./libraries/net/neoforged/neoform/1.21.1-20240808.144430/neoform-1.21.1-20240808.144430-mappings.txt, --key, mappings
Task: MCP_DATA
Input:  /workspaces/mc-server/mcserver/./libraries/net/neoforged/neoform/1.21.1-20240808.144430/neoform-1.21.1-20240808.144430.zip
Output: /workspaces/mc-server/mcserver/./libraries/net/neoforged/neoform/1.21.1-20240808.144430/neoform-1.21.1-20240808.144430-mappings.txt
Key:    mappings
Extracting: config/joined.tsrg
===============================================================================
Processor: net.neoforged.installertools:installertools -> DOWNLOAD_MOJMAPS
  MainClass: net.neoforged.installertools.ConsoleTool
  Classpath:
    /workspaces/mc-server/mcserver/./libraries/net/neoforged/installertools/installertools/2.1.2/installertools-2.1.2.jar
    /workspaces/mc-server/mcserver/./libraries/net/neoforged/installertools/installertools/2.1.2/installertools-2.1.2.jar
    /workspaces/mc-server/mcserver/./libraries/net/neoforged/srgutils/1.0.0/srgutils-1.0.0.jar
    /workspaces/mc-server/mcserver/./libraries/net/md-5/SpecialSource/1.11.0/SpecialSource-1.11.0.jar
    /workspaces/mc-server/mcserver/./libraries/net/sf/jopt-simple/jopt-simple/5.0.4/jopt-simple-5.0.4.jar
    /workspaces/mc-server/mcserver/./libraries/com/google/code/gson/gson/2.8.9/gson-2.8.9.jar
    /workspaces/mc-server/mcserver/./libraries/de/siegmar/fastcsv/2.0.0/fastcsv-2.0.0.jar
    /workspaces/mc-server/mcserver/./libraries/org/ow2/asm/asm-commons/9.3/asm-commons-9.3.jar
    /workspaces/mc-server/mcserver/./libraries/net/neoforged/installertools/cli-utils/2.1.2/cli-utils-2.1.2.jar
    /workspaces/mc-server/mcserver/./libraries/com/google/guava/guava/20.0/guava-20.0.jar
    /workspaces/mc-server/mcserver/./libraries/com/opencsv/opencsv/4.4/opencsv-4.4.jar
    /workspaces/mc-server/mcserver/./libraries/org/ow2/asm/asm-analysis/9.3/asm-analysis-9.3.jar
    /workspaces/mc-server/mcserver/./libraries/org/ow2/asm/asm-tree/9.3/asm-tree-9.3.jar
    /workspaces/mc-server/mcserver/./libraries/org/ow2/asm/asm/9.3/asm-9.3.jar
    /workspaces/mc-server/mcserver/./libraries/org/apache/commons/commons-text/1.3/commons-text-1.3.jar
    /workspaces/mc-server/mcserver/./libraries/org/apache/commons/commons-lang3/3.8.1/commons-lang3-3.8.1.jar
    /workspaces/mc-server/mcserver/./libraries/commons-beanutils/commons-beanutils/1.9.3/commons-beanutils-1.9.3.jar
    /workspaces/mc-server/mcserver/./libraries/org/apache/commons/commons-collections4/4.2/commons-collections4-4.2.jar
    /workspaces/mc-server/mcserver/./libraries/commons-logging/commons-logging/1.2/commons-logging-1.2.jar
    /workspaces/mc-server/mcserver/./libraries/commons-collections/commons-collections/3.2.2/commons-collections-3.2.2.jar
  Args: --task, DOWNLOAD_MOJMAPS, --version, 1.21.1, --side, server, --output, /workspaces/mc-server/mcserver/./libraries/net/minecraft/server/1.21.1-20240808.144430/server-1.21.1-20240808.144430-mappings.txt
Task: DOWNLOAD_MOJMAPS
MC Version: 1.21.1
Side:       server
Output:     /workspaces/mc-server/mcserver/./libraries/net/minecraft/server/1.21.1-20240808.144430/server-1.21.1-20240808.144430-mappings.txt
Downloaded Mojang mappings for 1.21.1
===============================================================================
Processor: net.neoforged.installertools:installertools -> MERGE_MAPPING
  MainClass: net.neoforged.installertools.ConsoleTool
  Classpath:
    /workspaces/mc-server/mcserver/./libraries/net/neoforged/installertools/installertools/2.1.2/installertools-2.1.2.jar
    /workspaces/mc-server/mcserver/./libraries/net/neoforged/installertools/installertools/2.1.2/installertools-2.1.2.jar
    /workspaces/mc-server/mcserver/./libraries/net/neoforged/srgutils/1.0.0/srgutils-1.0.0.jar
    /workspaces/mc-server/mcserver/./libraries/net/md-5/SpecialSource/1.11.0/SpecialSource-1.11.0.jar
    /workspaces/mc-server/mcserver/./libraries/net/sf/jopt-simple/jopt-simple/5.0.4/jopt-simple-5.0.4.jar
    /workspaces/mc-server/mcserver/./libraries/com/google/code/gson/gson/2.8.9/gson-2.8.9.jar
    /workspaces/mc-server/mcserver/./libraries/de/siegmar/fastcsv/2.0.0/fastcsv-2.0.0.jar
    /workspaces/mc-server/mcserver/./libraries/org/ow2/asm/asm-commons/9.3/asm-commons-9.3.jar
    /workspaces/mc-server/mcserver/./libraries/net/neoforged/installertools/cli-utils/2.1.2/cli-utils-2.1.2.jar
    /workspaces/mc-server/mcserver/./libraries/com/google/guava/guava/20.0/guava-20.0.jar
    /workspaces/mc-server/mcserver/./libraries/com/opencsv/opencsv/4.4/opencsv-4.4.jar
    /workspaces/mc-server/mcserver/./libraries/org/ow2/asm/asm-analysis/9.3/asm-analysis-9.3.jar
    /workspaces/mc-server/mcserver/./libraries/org/ow2/asm/asm-tree/9.3/asm-tree-9.3.jar
    /workspaces/mc-server/mcserver/./libraries/org/ow2/asm/asm/9.3/asm-9.3.jar
    /workspaces/mc-server/mcserver/./libraries/org/apache/commons/commons-text/1.3/commons-text-1.3.jar
    /workspaces/mc-server/mcserver/./libraries/org/apache/commons/commons-lang3/3.8.1/commons-lang3-3.8.1.jar
    /workspaces/mc-server/mcserver/./libraries/commons-beanutils/commons-beanutils/1.9.3/commons-beanutils-1.9.3.jar
    /workspaces/mc-server/mcserver/./libraries/org/apache/commons/commons-collections4/4.2/commons-collections4-4.2.jar
    /workspaces/mc-server/mcserver/./libraries/commons-logging/commons-logging/1.2/commons-logging-1.2.jar
    /workspaces/mc-server/mcserver/./libraries/commons-collections/commons-collections/3.2.2/commons-collections-3.2.2.jar
  Args: --task, MERGE_MAPPING, --left, /workspaces/mc-server/mcserver/./libraries/net/neoforged/neoform/1.21.1-20240808.144430/neoform-1.21.1-20240808.144430-mappings.txt, --right, /workspaces/mc-server/mcserver/./libraries/net/minecraft/server/1.21.1-20240808.144430/server-1.21.1-20240808.144430-mappings.txt, --output, /workspaces/mc-server/mcserver/./libraries/net/neoforged/neoform/1.21.1-20240808.144430/neoform-1.21.1-20240808.144430-mappings-merged.txt, --classes, --fields, --methods, --reverse-right
Task: MERGE_MAPPING
Left:    /workspaces/mc-server/mcserver/./libraries/net/neoforged/neoform/1.21.1-20240808.144430/neoform-1.21.1-20240808.144430-mappings.txt
         Reversed=false
         null
Right:   /workspaces/mc-server/mcserver/./libraries/net/minecraft/server/1.21.1-20240808.144430/server-1.21.1-20240808.144430-mappings.txt
         Reversed=true
         null
Classes: true
Fields:  true
Methods: true
Params:  false
Output:  /workspaces/mc-server/mcserver/./libraries/net/neoforged/neoform/1.21.1-20240808.144430/neoform-1.21.1-20240808.144430-mappings-merged.txt
===============================================================================
Processor: net.neoforged.installertools:jarsplitter
  MainClass: net.neoforged.jarsplitter.ConsoleTool
  Classpath:
    /workspaces/mc-server/mcserver/./libraries/net/neoforged/installertools/jarsplitter/2.1.2/jarsplitter-2.1.2.jar
    /workspaces/mc-server/mcserver/./libraries/net/neoforged/installertools/jarsplitter/2.1.2/jarsplitter-2.1.2.jar
    /workspaces/mc-server/mcserver/./libraries/net/sf/jopt-simple/jopt-simple/5.0.4/jopt-simple-5.0.4.jar
    /workspaces/mc-server/mcserver/./libraries/net/neoforged/srgutils/1.0.0/srgutils-1.0.0.jar
    /workspaces/mc-server/mcserver/./libraries/net/neoforged/installertools/cli-utils/2.1.2/cli-utils-2.1.2.jar
  Args: --input, /workspaces/mc-server/mcserver/./libraries/net/minecraft/server/1.21.1-20240808.144430/server-1.21.1-20240808.144430-unpacked.jar, --slim, /workspaces/mc-server/mcserver/./libraries/net/minecraft/server/1.21.1-20240808.144430/server-1.21.1-20240808.144430-slim.jar, --extra, /workspaces/mc-server/mcserver/./libraries/net/minecraft/server/1.21.1-20240808.144430/server-1.21.1-20240808.144430-extra.jar, --srg, /workspaces/mc-server/mcserver/./libraries/net/neoforged/neoform/1.21.1-20240808.144430/neoform-1.21.1-20240808.144430-mappings-merged.txt
Splitter: 
  Input:    /workspaces/mc-server/mcserver/./libraries/net/minecraft/server/1.21.1-20240808.144430/server-1.21.1-20240808.144430-unpacked.jar
  Slim:     /workspaces/mc-server/mcserver/./libraries/net/minecraft/server/1.21.1-20240808.144430/server-1.21.1-20240808.144430-slim.jar
  Data:     null
  Extra:    /workspaces/mc-server/mcserver/./libraries/net/minecraft/server/1.21.1-20240808.144430/server-1.21.1-20240808.144430-extra.jar
  Including data in extra
  SRG:   /workspaces/mc-server/mcserver/./libraries/net/neoforged/neoform/1.21.1-20240808.144430/neoform-1.21.1-20240808.144430-mappings-merged.txt
  InputSha: a8ae1f986e20cc91442b6b2b64d62bcd065618d7
  SrgSha:   e4f52c8fd55aa6aa2b4d0e2b36d4327b9991b2c5
Splitting 12951 files:
===============================================================================
Processor: net.neoforged:AutoRenamingTool
  MainClass: net.neoforged.art.Main
  Classpath:
    /workspaces/mc-server/mcserver/./libraries/net/neoforged/AutoRenamingTool/2.0.3/AutoRenamingTool-2.0.3-all.jar
    /workspaces/mc-server/mcserver/./libraries/net/neoforged/AutoRenamingTool/2.0.3/AutoRenamingTool-2.0.3-all.jar
  Args: --input, /workspaces/mc-server/mcserver/./libraries/net/minecraft/server/1.21.1-20240808.144430/server-1.21.1-20240808.144430-slim.jar, --output, /workspaces/mc-server/mcserver/./libraries/net/minecraft/server/1.21.1-20240808.144430/server-1.21.1-20240808.144430-srg.jar, --names, /workspaces/mc-server/mcserver/./libraries/net/neoforged/neoform/1.21.1-20240808.144430/neoform-1.21.1-20240808.144430-mappings-merged.txt, --ann-fix, --ids-fix, --src-fix, --record-fix
Forge Auto Renaming Tool v2.0.3
log: null
input: /workspaces/mc-server/mcserver/./libraries/net/minecraft/server/1.21.1-20240808.144430/server-1.21.1-20240808.144430-slim.jar
output: /workspaces/mc-server/mcserver/./libraries/net/minecraft/server/1.21.1-20240808.144430/server-1.21.1-20240808.144430-srg.jar
threads: 2
Names: /workspaces/mc-server/mcserver/./libraries/net/neoforged/neoform/1.21.1-20240808.144430/neoform-1.21.1-20240808.144430-mappings-merged.txt(reversed: false)
Fix Annotations: true
Unfinal Parameters: false
Fix Records: true
Fix Identifiers: ALL
Fix SourceFile: JAVA
Fix Line Numbers: false
Strip codesigning signatures: false
Adding Libraries to Inheritance
Reading Input: /workspaces/mc-server/mcserver/./libraries/net/minecraft/server/1.21.1-20240808.144430/server-1.21.1-20240808.144430-slim.jar
Processor: net.neoforged:AutoRenamingTool: Reading input jar
Processor: net.neoforged:AutoRenamingTool: Processing entries
Adding input to inheritance map
Processing entries
Can't Find Class: org/slf4j/Logger
Can't Find Class: javax/annotation/ParametersAreNonnullByDefault
Can't Find Class: com/mojang/serialization/codecs/RecordCodecBuilder$Instance
Can't Find Class: com/mojang/serialization/codecs/RecordCodecBuilder
Can't Find Class: com/mojang/datafixers/Products$P2
Can't Find Class: com/mojang/datafixers/Products
Can't Find Class: com/mojang/serialization/Codec
Can't Find Class: io/netty/buffer/ByteBuf
Can't Find Class: com/mojang/datafixers/kinds/App
Can't Find Class: com/mojang/serialization/MapCodec
Can't Find Class: com/mojang/serialization/codecs/PrimitiveCodec
Can't Find Class: com/mojang/datafixers/kinds/Applicative
Can't Find Class: com/google/common/collect/ImmutableList
Can't Find Class: com/mojang/datafixers/Products$P4
Can't Find Class: com/mojang/datafixers/util/Function4
Can't Find Class: com/mojang/serialization/Keyable
Can't Find Class: com/mojang/datafixers/util/Pair
Can't Find Class: it/unimi/dsi/fastutil/floats/Float2FloatFunction
Can't Find Class: com/mojang/serialization/Lifecycle
Can't Find Class: com/google/common/collect/ImmutableList$Builder
Can't Find Class: javax/annotation/Nullable
Can't Find Class: com/google/common/collect/Maps
Can't Find Class: com/google/common/annotations/VisibleForTesting
Can't Find Class: org/apache/commons/lang3/mutable/MutableInt
Can't Find Class: com/google/common/hash/Hashing
Can't Find Class: com/google/common/hash/HashFunction
Can't Find Class: com/google/common/hash/HashCode
Can't Find Class: com/google/common/collect/ImmutableMap
Can't Find Class: com/mojang/serialization/JsonOps
Can't Find Class: com/mojang/serialization/DynamicOps
Can't Find Class: com/mojang/serialization/DataResult
Can't Find Class: com/google/common/hash/HashingOutputStream
Can't Find Class: it/unimi/dsi/fastutil/objects/Object2IntOpenHashMap
Can't Find Class: com/mojang/logging/LogUtils
Can't Find Class: com/google/common/collect/ImmutableMap$Builder
Can't Find Class: com/google/common/collect/ImmutableSet
Can't Find Class: com/google/common/collect/UnmodifiableIterator
Can't Find Class: com/mojang/datafixers/DataFixer
Can't Find Class: com/mojang/brigadier/exceptions/CommandSyntaxException
Can't Find Class: com/google/common/collect/Lists
Can't Find Class: org/apache/commons/io/IOUtils
Can't Find Class: com/mojang/brigadier/Message
Can't Find Class: com/google/common/collect/BiMap
Can't Find Class: com/google/common/base/Stopwatch
Can't Find Class: joptsimple/OptionParser
Can't Find Class: joptsimple/OptionSpecBuilder
Can't Find Class: joptsimple/AbstractOptionSpec
Can't Find Class: joptsimple/ArgumentAcceptingOptionSpec
Can't Find Class: joptsimple/OptionSet
Can't Find Class: joptsimple/OptionSpec
Can't Find Class: com/google/common/collect/Sets
Can't Find Class: com/google/common/collect/Streams
Can't Find Class: com/mojang/datafixers/util/Either
Can't Find Class: com/mojang/serialization/DataResult$Error
Can't Find Class: com/mojang/serialization/Encoder
Can't Find Class: com/mojang/brigadier/CommandDispatcher
Can't Find Class: com/mojang/brigadier/tree/RootCommandNode
Can't Find Class: com/mojang/brigadier/tree/CommandNode
Can't Find Class: it/unimi/dsi/fastutil/ints/Int2ObjectOpenHashMap
Can't Find Class: it/unimi/dsi/fastutil/ints/Int2ObjectMap
Can't Find Class: it/unimi/dsi/fastutil/ints/Int2ObjectFunction
Can't Find Class: com/google/common/collect/Sets$SetView
Can't Find Class: it/unimi/dsi/fastutil/objects/Object2ObjectOpenHashMap
Can't Find Class: com/google/common/collect/Multimap
Can't Find Class: it/unimi/dsi/fastutil/ints/IntList
Can't Find Class: com/google/common/collect/ImmutableSet$Builder
Can't Find Class: com/google/gson/JsonParser
Can't Find Class: com/mojang/serialization/Dynamic
Can't Find Class: com/google/common/collect/Interner
Can't Find Class: com/google/common/collect/Interners
Can't Find Class: it/unimi/dsi/fastutil/ints/IntArrayList
Can't Find Class: org/apache/commons/lang3/StringEscapeUtils
Can't Find Class: it/unimi/dsi/fastutil/ints/IntStack
Can't Find Class: javax/annotation/Nonnull
Can't Find Class: javax/annotation/meta/TypeQualifierDefault
Can't Find Class: javax/annotation/concurrent/Immutable
Can't Find Class: com/mojang/datafixers/DSL$TypeReference
Can't Find Class: com/mojang/datafixers/DSL
Can't Find Class: com/mojang/datafixers/types/Type
Can't Find Class: com/mojang/brigadier/arguments/ArgumentType
Can't Find Class: it/unimi/dsi/fastutil/objects/Reference2ObjectMap
Can't Find Class: it/unimi/dsi/fastutil/objects/Reference2ObjectArrayMap
Can't Find Class: com/google/common/base/Objects
Can't Find Class: it/unimi/dsi/fastutil/doubles/DoubleDoubleImmutablePair
Can't Find Class: com/google/common/collect/Iterables
Can't Find Class: it/unimi/dsi/fastutil/objects/Object2IntMap$Entry
Can't Find Class: com/mojang/datafixers/Products$P1
Can't Find Class: it/unimi/dsi/fastutil/objects/Object2IntMap
Can't Find Class: it/unimi/dsi/fastutil/objects/ObjectSet
Can't Find Class: it/unimi/dsi/fastutil/objects/ObjectIterator
Can't Find Class: org/jetbrains/annotations/Contract
Can't Find Class: com/mojang/datafixers/Products$P3
Can't Find Class: com/mojang/datafixers/util/Function3
Can't Find Class: it/unimi/dsi/fastutil/objects/ObjectArrayList
Can't Find Class: org/joml/Vector3f
Can't Find Class: it/unimi/dsi/fastutil/objects/ObjectListIterator
Can't Find Class: org/joml/Quaternionf
Can't Find Class: org/joml/Vector3fc
Can't Find Class: org/apache/commons/lang3/Validate
Can't Find Class: com/mojang/serialization/codecs/UnboundedMapCodec
Can't Find Class: com/mojang/authlib/GameProfile
Can't Find Class: org/apache/commons/lang3/tuple/Pair
Can't Find Class: it/unimi/dsi/fastutil/ints/Int2IntFunction
Can't Find Class: com/google/common/base/MoreObjects
Can't Find Class: it/unimi/dsi/fastutil/ints/IntOpenHashSet
Can't Find Class: it/unimi/dsi/fastutil/ints/IntSet
Can't Find Class: it/unimi/dsi/fastutil/objects/Object2DoubleMap
Can't Find Class: it/unimi/dsi/fastutil/objects/Object2DoubleArrayMap
Can't Find Class: it/unimi/dsi/fastutil/floats/FloatArraySet
Can't Find Class: it/unimi/dsi/fastutil/doubles/DoubleList
Can't Find Class: it/unimi/dsi/fastutil/doubles/DoubleListIterator
Can't Find Class: it/unimi/dsi/fastutil/floats/FloatSet
Can't Find Class: it/unimi/dsi/fastutil/floats/FloatArrays
Can't Find Class: it/unimi/dsi/fastutil/ints/Int2IntMap
Can't Find Class: it/unimi/dsi/fastutil/ints/Int2IntOpenHashMap
Can't Find Class: it/unimi/dsi/fastutil/ints/IntAVLTreeSet
Can't Find Class: it/unimi/dsi/fastutil/ints/IntCollection
Can't Find Class: it/unimi/dsi/fastutil/ints/IntIterator
Can't Find Class: it/unimi/dsi/fastutil/ints/IntListIterator
Can't Find Class: it/unimi/dsi/fastutil/objects/Object2BooleanOpenHashMap
Can't Find Class: com/google/common/base/Predicate
Can't Find Class: it/unimi/dsi/fastutil/objects/Object2ObjectArrayMap
Can't Find Class: it/unimi/dsi/fastutil/objects/ObjectOpenHashSet
Can't Find Class: it/unimi/dsi/fastutil/longs/LongSet
Can't Find Class: it/unimi/dsi/fastutil/longs/LongOpenHashSet
Can't Find Class: it/unimi/dsi/fastutil/shorts/Short2ObjectMap
Can't Find Class: it/unimi/dsi/fastutil/shorts/Short2ObjectOpenHashMap
Can't Find Class: it/unimi/dsi/fastutil/shorts/Short2ObjectFunction
Can't Find Class: it/unimi/dsi/fastutil/objects/ObjectCollection
Can't Find Class: it/unimi/dsi/fastutil/longs/Long2ByteMap
Can't Find Class: it/unimi/dsi/fastutil/longs/Long2ByteOpenHashMap
Can't Find Class: org/apache/commons/lang3/mutable/MutableLong
Can't Find Class: com/mojang/datafixers/Products$P5
Can't Find Class: com/mojang/datafixers/util/Function5
Can't Find Class: com/mojang/datafixers/kinds/OptionalBox$Mu
Can't Find Class: com/mojang/datafixers/kinds/OptionalBox
Can't Find Class: org/apache/commons/lang3/mutable/MutableObject
Can't Find Class: com/mojang/serialization/OptionalDynamic
Can't Find Class: com/mojang/serialization/Decoder
Can't Find Class: com/mojang/serialization/RecordBuilder
Can't Find Class: com/mojang/datafixers/Products$P7
Can't Find Class: com/mojang/datafixers/util/Function7
Can't Find Class: com/mojang/datafixers/kinds/Applicative$Mu
Can't Find Class: com/mojang/datafixers/kinds/K1
Can't Find Class: com/mojang/datafixers/kinds/IdF$Mu
Can't Find Class: com/mojang/datafixers/kinds/IdF
Can't Find Class: com/mojang/datafixers/kinds/Const$Mu
Can't Find Class: com/mojang/datafixers/util/Unit
Can't Find Class: com/mojang/datafixers/kinds/Const
Can't Find Class: it/unimi/dsi/fastutil/longs/Long2LongMap$Entry
Can't Find Class: it/unimi/dsi/fastutil/longs/Long2LongMap
Can't Find Class: it/unimi/dsi/fastutil/longs/Long2LongOpenHashMap
Can't Find Class: it/unimi/dsi/fastutil/longs/Long2ObjectMap$Entry
Can't Find Class: it/unimi/dsi/fastutil/longs/Long2ObjectMap
Can't Find Class: it/unimi/dsi/fastutil/longs/Long2ObjectOpenHashMap
Can't Find Class: it/unimi/dsi/fastutil/longs/Long2ObjectFunction
Can't Find Class: com/google/common/base/Function
Can't Find Class: com/google/common/collect/Iterators
Can't Find Class: com/mojang/serialization/MapLike
Can't Find Class: it/unimi/dsi/fastutil/ints/IntBinaryOperator
Can't Find Class: com/mojang/datafixers/DataFixUtils
Can't Find Class: it/unimi/dsi/fastutil/objects/ObjectLinkedOpenHashSet
Can't Find Class: it/unimi/dsi/fastutil/ints/Int2ObjectAVLTreeMap
Can't Find Class: it/unimi/dsi/fastutil/ints/Int2ObjectSortedMap
Can't Find Class: com/google/common/base/Predicates
Can't Find Class: com/google/common/collect/ImmutableBiMap$Builder
Can't Find Class: com/google/common/collect/ImmutableBiMap
Can't Find Class: com/google/common/base/Supplier
Can't Find Class: com/google/common/base/Suppliers
Can't Find Class: it/unimi/dsi/fastutil/Hash$Strategy
Can't Find Class: it/unimi/dsi/fastutil/Hash
Can't Find Class: io/netty/handler/codec/DecoderException
Can't Find Class: org/joml/Quaternionfc
Can't Find Class: com/google/common/collect/ImmutableMultimap$Builder
Can't Find Class: com/google/common/collect/ImmutableMultimap
Can't Find Class: it/unimi/dsi/fastutil/chars/CharArraySet
Can't Find Class: it/unimi/dsi/fastutil/chars/CharSet
Can't Find Class: com/mojang/datafixers/Products$P6
Can't Find Class: it/unimi/dsi/fastutil/ints/IntComparators
Can't Find Class: it/unimi/dsi/fastutil/ints/IntComparator
Can't Find Class: com/mojang/datafixers/util/Function6
Can't Find Class: com/mojang/serialization/codecs/BaseMapCodec
Can't Find Class: org/apache/commons/lang3/math/Fraction
Can't Find Class: com/mojang/authlib/properties/PropertyMap
Can't Find Class: com/mojang/serialization/MapEncoder
Can't Find Class: com/mojang/serialization/MapDecoder
Can't Find Class: com/mojang/datafixers/Products$P10
Can't Find Class: com/mojang/datafixers/util/Function10
Can't Find Class: org/apache/commons/lang3/mutable/MutableFloat
Can't Find Class: org/apache/commons/lang3/mutable/MutableBoolean
Can't Find Class: it/unimi/dsi/fastutil/objects/Object2IntMap$FastEntrySet
Can't Find Class: com/mojang/datafixers/Products$P8
Can't Find Class: com/mojang/datafixers/util/Function8
Can't Find Class: com/mojang/datafixers/Products$P11
Can't Find Class: com/mojang/datafixers/util/Function11
Can't Find Class: com/google/common/collect/HashMultimap
Can't Find Class: it/unimi/dsi/fastutil/objects/ObjectArraySet
Can't Find Class: io/netty/handler/codec/EncoderException
Can't Find Class: it/unimi/dsi/fastutil/objects/ObjectLinkedOpenCustomHashSet
Can't Find Class: com/google/common/collect/LinkedHashMultiset
Can't Find Class: com/google/common/collect/Multiset
Can't Find Class: com/google/common/collect/Multisets
Can't Find Class: com/google/common/collect/ImmutableMultiset
Can't Find Class: com/google/common/collect/HashBasedTable
Can't Find Class: com/google/common/collect/Table
Can't Find Class: it/unimi/dsi/fastutil/ints/IntLists
Can't Find Class: com/google/common/base/Charsets
Can't Find Class: com/google/common/primitives/Longs
Can't Find Class: org/apache/commons/lang3/mutable/MutableDouble
Can't Find Class: it/unimi/dsi/fastutil/doubles/Double2DoubleFunction
Can't Find Class: it/unimi/dsi/fastutil/objects/ObjectList
Can't Find Class: com/google/common/collect/AbstractIterator
Can't Find Class: it/unimi/dsi/fastutil/longs/Long2BooleanMap
Can't Find Class: it/unimi/dsi/fastutil/longs/Long2BooleanFunction
Can't Find Class: it/unimi/dsi/fastutil/objects/Object2IntMaps
Can't Find Class: it/unimi/dsi/fastutil/longs/Long2BooleanOpenHashMap
Can't Find Class: it/unimi/dsi/fastutil/longs/LongArrayList
Can't Find Class: it/unimi/dsi/fastutil/longs/LongList
Can't Find Class: com/mojang/serialization/codecs/SimpleMapCodec
Can't Find Class: com/google/common/base/MoreObjects$ToStringHelper
Can't Find Class: com/mojang/serialization/codecs/RecordCodecBuilder$Mu
Can't Find Class: com/mojang/datafixers/Products$P9
Can't Find Class: com/mojang/datafixers/util/Function9
Can't Find Class: org/apache/commons/lang3/StringUtils
Can't Find Class: it/unimi/dsi/fastutil/ints/IntRBTreeSet
Can't Find Class: it/unimi/dsi/fastutil/ints/IntSortedSet
Can't Find Class: it/unimi/dsi/fastutil/doubles/DoubleArrayList
Can't Find Class: it/unimi/dsi/fastutil/ints/IntBidirectionalIterator
Can't Find Class: it/unimi/dsi/fastutil/longs/Long2IntMap
Can't Find Class: it/unimi/dsi/fastutil/longs/Long2IntOpenHashMap
Can't Find Class: it/unimi/dsi/fastutil/longs/Long2IntFunction
Can't Find Class: com/mojang/datafixers/Products$P15
Can't Find Class: com/mojang/datafixers/util/Function15
Can't Find Class: com/google/common/cache/CacheLoader
Can't Find Class: com/google/common/cache/LoadingCache
Can't Find Class: com/google/common/cache/CacheBuilder
Can't Find Class: com/mojang/datafixers/Products$P13
Can't Find Class: com/mojang/datafixers/util/Function13
Can't Find Class: com/google/common/primitives/Doubles
Can't Find Class: it/unimi/dsi/fastutil/ints/Int2ObjectLinkedOpenHashMap
Can't Find Class: it/unimi/dsi/fastutil/longs/LongSortedSet
Can't Find Class: it/unimi/dsi/fastutil/longs/LongAVLTreeSet
Can't Find Class: it/unimi/dsi/fastutil/longs/LongBidirectionalIterator
Can't Find Class: it/unimi/dsi/fastutil/longs/LongIterator
Can't Find Class: it/unimi/dsi/fastutil/longs/LongConsumer
Can't Find Class: it/unimi/dsi/fastutil/ints/Int2ObjectMap$Entry
Can't Find Class: it/unimi/dsi/fastutil/ints/Int2ObjectMaps
Can't Find Class: it/unimi/dsi/fastutil/objects/ObjectIterable
Can't Find Class: com/google/common/collect/Queues
Can't Find Class: it/unimi/dsi/fastutil/longs/Long2ObjectMaps
Can't Find Class: it/unimi/dsi/fastutil/objects/Object2FloatMap
Can't Find Class: it/unimi/dsi/fastutil/objects/Object2FloatOpenHashMap
Can't Find Class: com/mojang/authlib/minecraft/MinecraftSessionService
Can't Find Class: com/mojang/authlib/yggdrasil/ProfileResult
Can't Find Class: com/google/common/collect/ImmutableSortedMap
Can't Find Class: com/google/common/collect/ImmutableCollection
Can't Find Class: com/google/common/base/Joiner
Can't Find Class: org/apache/commons/lang3/ArrayUtils
Can't Find Class: it/unimi/dsi/fastutil/objects/ReferenceSet
Can't Find Class: com/google/common/collect/ArrayTable
Can't Find Class: com/google/common/collect/AbstractTable
Can't Find Class: it/unimi/dsi/fastutil/objects/Object2ByteLinkedOpenHashMap
